mode: set
github.com/lightningnetwork/lnd/lnwallet/log.go:16.13,18.2 1 1
github.com/lightningnetwork/lnd/lnwallet/log.go:22.19,24.2 1 1
github.com/lightningnetwork/lnd/lnwallet/log.go:29.38,35.2 4 0
github.com/lightningnetwork/lnd/lnwallet/log.go:42.37,44.2 1 0
github.com/lightningnetwork/lnd/lnwallet/log.go:49.48,51.2 1 1
github.com/lightningnetwork/lnd/lnwallet/parameters.go:10.40,12.2 1 1
github.com/lightningnetwork/lnd/lnwallet/reservation.go:48.70,50.2 1 1
github.com/lightningnetwork/lnd/lnwallet/reservation.go:139.49,156.21 6 1
github.com/lightningnetwork/lnd/lnwallet/reservation.go:184.2,189.59 2 1
github.com/lightningnetwork/lnd/lnwallet/reservation.go:198.2,232.3 1 1
github.com/lightningnetwork/lnd/lnwallet/reservation.go:156.21,160.3 3 1
github.com/lightningnetwork/lnd/lnwallet/reservation.go:160.3,164.29 1 1
github.com/lightningnetwork/lnd/lnwallet/reservation.go:179.3,179.19 1 1
github.com/lightningnetwork/lnd/lnwallet/reservation.go:164.29,171.4 2 1
github.com/lightningnetwork/lnd/lnwallet/reservation.go:171.4,177.4 2 1
github.com/lightningnetwork/lnd/lnwallet/reservation.go:189.59,191.3 1 1
github.com/lightningnetwork/lnd/lnwallet/reservation.go:191.3,196.3 2 1
github.com/lightningnetwork/lnd/lnwallet/reservation.go:240.67,245.2 3 1
github.com/lightningnetwork/lnd/lnwallet/reservation.go:254.74,265.2 7 1
github.com/lightningnetwork/lnd/lnwallet/reservation.go:272.100,289.2 5 0
github.com/lightningnetwork/lnd/lnwallet/reservation.go:297.69,302.2 3 1
github.com/lightningnetwork/lnd/lnwallet/reservation.go:311.96,321.2 3 1
github.com/lightningnetwork/lnd/lnwallet/reservation.go:327.102,337.2 3 1
github.com/lightningnetwork/lnd/lnwallet/reservation.go:345.71,349.2 3 1
github.com/lightningnetwork/lnd/lnwallet/reservation.go:359.71,363.2 3 1
github.com/lightningnetwork/lnd/lnwallet/reservation.go:379.56,394.2 4 1
github.com/lightningnetwork/lnd/lnwallet/reservation.go:406.52,420.2 4 1
github.com/lightningnetwork/lnd/lnwallet/reservation.go:429.73,433.2 3 0
github.com/lightningnetwork/lnd/lnwallet/reservation.go:441.59,445.2 3 1
github.com/lightningnetwork/lnd/lnwallet/reservation.go:453.63,457.2 3 1
github.com/lightningnetwork/lnd/lnwallet/reservation.go:464.45,472.2 3 1
github.com/lightningnetwork/lnd/lnwallet/script_utils.go:53.62,60.2 5 1
github.com/lightningnetwork/lnd/lnwallet/script_utils.go:64.59,65.40 1 1
github.com/lightningnetwork/lnd/lnwallet/script_utils.go:73.2,73.36 1 1
github.com/lightningnetwork/lnd/lnwallet/script_utils.go:77.2,83.22 7 1
github.com/lightningnetwork/lnd/lnwallet/script_utils.go:65.40,67.3 1 0
github.com/lightningnetwork/lnd/lnwallet/script_utils.go:73.36,75.3 1 1
github.com/lightningnetwork/lnd/lnwallet/script_utils.go:88.84,90.14 1 1
github.com/lightningnetwork/lnd/lnwallet/script_utils.go:96.2,97.16 2 1
github.com/lightningnetwork/lnd/lnwallet/script_utils.go:103.2,104.16 2 1
github.com/lightningnetwork/lnd/lnwallet/script_utils.go:108.2,108.57 1 1
github.com/lightningnetwork/lnd/lnwallet/script_utils.go:90.14,93.3 1 0
github.com/lightningnetwork/lnd/lnwallet/script_utils.go:97.16,99.3 1 0
github.com/lightningnetwork/lnd/lnwallet/script_utils.go:104.16,106.3 1 0
github.com/lightningnetwork/lnd/lnwallet/script_utils.go:113.75,124.36 3 1
github.com/lightningnetwork/lnd/lnwallet/script_utils.go:133.2,135.16 2 1
github.com/lightningnetwork/lnd/lnwallet/script_utils.go:124.36,127.3 2 1
github.com/lightningnetwork/lnd/lnwallet/script_utils.go:127.3,130.3 2 1
github.com/lightningnetwork/lnd/lnwallet/script_utils.go:143.74,146.33 3 1
github.com/lightningnetwork/lnd/lnwallet/script_utils.go:154.2,154.21 1 1
github.com/lightningnetwork/lnd/lnwallet/script_utils.go:146.33,147.42 1 1
github.com/lightningnetwork/lnd/lnwallet/script_utils.go:147.42,150.9 3 1
github.com/lightningnetwork/lnd/lnwallet/script_utils.go:161.34,165.2 3 1
github.com/lightningnetwork/lnd/lnwallet/script_utils.go:198.38,275.2 28 1
github.com/lightningnetwork/lnd/lnwallet/script_utils.go:285.75,288.16 2 1
github.com/lightningnetwork/lnd/lnwallet/script_utils.go:297.2,302.26 5 1
github.com/lightningnetwork/lnd/lnwallet/script_utils.go:288.16,290.3 1 0
github.com/lightningnetwork/lnd/lnwallet/script_utils.go:313.47,321.2 2 0
github.com/lightningnetwork/lnd/lnwallet/script_utils.go:329.71,332.16 2 1
github.com/lightningnetwork/lnd/lnwallet/script_utils.go:339.2,344.26 5 1
github.com/lightningnetwork/lnd/lnwallet/script_utils.go:332.16,334.3 1 0
github.com/lightningnetwork/lnd/lnwallet/script_utils.go:352.79,355.16 2 1
github.com/lightningnetwork/lnd/lnwallet/script_utils.go:363.2,370.26 7 1
github.com/lightningnetwork/lnd/lnwallet/script_utils.go:355.16,357.3 1 0
github.com/lightningnetwork/lnd/lnwallet/script_utils.go:404.83,491.2 31 1
github.com/lightningnetwork/lnd/lnwallet/script_utils.go:503.53,509.16 2 1
github.com/lightningnetwork/lnd/lnwallet/script_utils.go:517.2,524.26 7 1
github.com/lightningnetwork/lnd/lnwallet/script_utils.go:509.16,511.3 1 0
github.com/lightningnetwork/lnd/lnwallet/script_utils.go:532.75,539.16 2 1
github.com/lightningnetwork/lnd/lnwallet/script_utils.go:546.2,551.26 5 1
github.com/lightningnetwork/lnd/lnwallet/script_utils.go:539.16,541.3 1 0
github.com/lightningnetwork/lnd/lnwallet/script_utils.go:562.47,570.2 2 0
github.com/lightningnetwork/lnd/lnwallet/script_utils.go:580.66,593.16 3 1
github.com/lightningnetwork/lnd/lnwallet/script_utils.go:597.2,602.26 5 1
github.com/lightningnetwork/lnd/lnwallet/script_utils.go:593.16,595.3 1 0
github.com/lightningnetwork/lnd/lnwallet/script_utils.go:623.65,642.16 5 1
github.com/lightningnetwork/lnd/lnwallet/script_utils.go:645.2,646.16 2 1
github.com/lightningnetwork/lnd/lnwallet/script_utils.go:652.2,657.23 2 1
github.com/lightningnetwork/lnd/lnwallet/script_utils.go:642.16,644.3 1 0
github.com/lightningnetwork/lnd/lnwallet/script_utils.go:646.16,648.3 1 0
github.com/lightningnetwork/lnd/lnwallet/script_utils.go:672.65,689.16 4 1
github.com/lightningnetwork/lnd/lnwallet/script_utils.go:692.2,693.16 2 1
github.com/lightningnetwork/lnd/lnwallet/script_utils.go:699.2,704.23 2 1
github.com/lightningnetwork/lnd/lnwallet/script_utils.go:689.16,691.3 1 0
github.com/lightningnetwork/lnd/lnwallet/script_utils.go:693.16,695.3 1 0
github.com/lightningnetwork/lnd/lnwallet/script_utils.go:734.35,771.2 11 1
github.com/lightningnetwork/lnd/lnwallet/script_utils.go:777.64,797.16 5 1
github.com/lightningnetwork/lnd/lnwallet/script_utils.go:804.2,809.26 5 1
github.com/lightningnetwork/lnd/lnwallet/script_utils.go:797.16,799.3 1 0
github.com/lightningnetwork/lnd/lnwallet/script_utils.go:816.48,822.16 2 1
github.com/lightningnetwork/lnd/lnwallet/script_utils.go:829.2,834.26 5 1
github.com/lightningnetwork/lnd/lnwallet/script_utils.go:822.16,824.3 1 0
github.com/lightningnetwork/lnd/lnwallet/script_utils.go:841.65,842.16 1 1
github.com/lightningnetwork/lnd/lnwallet/script_utils.go:851.2,851.50 1 0
github.com/lightningnetwork/lnd/lnwallet/script_utils.go:842.16,845.3 1 1
github.com/lightningnetwork/lnd/lnwallet/script_utils.go:871.97,903.2 11 1
github.com/lightningnetwork/lnd/lnwallet/script_utils.go:908.69,915.2 4 1
github.com/lightningnetwork/lnd/lnwallet/script_utils.go:925.47,929.25 1 1
github.com/lightningnetwork/lnd/lnwallet/script_utils.go:936.2,937.16 2 1
github.com/lightningnetwork/lnd/lnwallet/script_utils.go:945.2,950.26 5 1
github.com/lightningnetwork/lnd/lnwallet/script_utils.go:929.25,932.3 1 0
github.com/lightningnetwork/lnd/lnwallet/script_utils.go:937.16,939.3 1 0
github.com/lightningnetwork/lnd/lnwallet/script_utils.go:961.47,964.16 2 1
github.com/lightningnetwork/lnd/lnwallet/script_utils.go:970.2,975.26 5 1
github.com/lightningnetwork/lnd/lnwallet/script_utils.go:964.16,966.3 1 0
github.com/lightningnetwork/lnd/lnwallet/script_utils.go:985.47,990.16 2 1
github.com/lightningnetwork/lnd/lnwallet/script_utils.go:998.2,1004.21 4 1
github.com/lightningnetwork/lnd/lnwallet/script_utils.go:990.16,992.3 1 0
github.com/lightningnetwork/lnd/lnwallet/script_utils.go:1014.71,1019.2 4 1
github.com/lightningnetwork/lnd/lnwallet/script_utils.go:1048.76,1051.2 2 1
github.com/lightningnetwork/lnd/lnwallet/script_utils.go:1055.88,1066.2 4 1
github.com/lightningnetwork/lnd/lnwallet/script_utils.go:1078.85,1087.2 5 1
github.com/lightningnetwork/lnd/lnwallet/script_utils.go:1115.88,1137.2 6 1
github.com/lightningnetwork/lnd/lnwallet/script_utils.go:1151.52,1180.2 10 1
github.com/lightningnetwork/lnd/lnwallet/script_utils.go:1192.72,1207.2 7 1
github.com/lightningnetwork/lnd/lnwallet/script_utils.go:1218.40,1223.29 1 1
github.com/lightningnetwork/lnd/lnwallet/script_utils.go:1228.2,1228.29 1 1
github.com/lightningnetwork/lnd/lnwallet/script_utils.go:1237.2,1248.12 7 1
github.com/lightningnetwork/lnd/lnwallet/script_utils.go:1223.29,1226.3 1 1
github.com/lightningnetwork/lnd/lnwallet/script_utils.go:1228.29,1231.3 1 1
github.com/lightningnetwork/lnd/lnwallet/script_utils.go:1257.83,1272.2 6 1
github.com/lightningnetwork/lnd/lnwallet/script_utils.go:1278.67,1286.2 2 1
github.com/lightningnetwork/lnd/lnwallet/sigpool.go:130.57,138.2 1 1
github.com/lightningnetwork/lnd/lnwallet/sigpool.go:142.33,143.52 1 1
github.com/lightningnetwork/lnd/lnwallet/sigpool.go:147.2,147.36 1 1
github.com/lightningnetwork/lnd/lnwallet/sigpool.go:152.2,152.12 1 1
github.com/lightningnetwork/lnd/lnwallet/sigpool.go:143.52,145.3 1 0
github.com/lightningnetwork/lnd/lnwallet/sigpool.go:147.36,150.3 2 1
github.com/lightningnetwork/lnd/lnwallet/sigpool.go:157.32,158.52 1 1
github.com/lightningnetwork/lnd/lnwallet/sigpool.go:162.2,165.12 3 1
github.com/lightningnetwork/lnd/lnwallet/sigpool.go:158.52,160.3 1 0
github.com/lightningnetwork/lnd/lnwallet/sigpool.go:172.32,175.6 2 1
github.com/lightningnetwork/lnd/lnwallet/sigpool.go:175.6,176.10 1 1
github.com/lightningnetwork/lnd/lnwallet/sigpool.go:182.31,185.18 2 1
github.com/lightningnetwork/lnd/lnwallet/sigpool.go:197.4,198.11 2 1
github.com/lightningnetwork/lnd/lnwallet/sigpool.go:210.36,212.18 2 1
github.com/lightningnetwork/lnd/lnwallet/sigpool.go:221.4,223.49 2 1
github.com/lightningnetwork/lnd/lnwallet/sigpool.go:238.17,239.10 1 1
github.com/lightningnetwork/lnd/lnwallet/sigpool.go:185.18,186.12 1 0
github.com/lightningnetwork/lnd/lnwallet/sigpool.go:190.7,191.14 1 0
github.com/lightningnetwork/lnd/lnwallet/sigpool.go:192.26,193.14 1 0
github.com/lightningnetwork/lnd/lnwallet/sigpool.go:202.6,202.6 0 1
github.com/lightningnetwork/lnd/lnwallet/sigpool.go:203.25,204.13 1 0
github.com/lightningnetwork/lnd/lnwallet/sigpool.go:212.18,213.12 1 0
github.com/lightningnetwork/lnd/lnwallet/sigpool.go:214.35,215.14 1 0
github.com/lightningnetwork/lnd/lnwallet/sigpool.go:216.29,217.14 1 0
github.com/lightningnetwork/lnd/lnwallet/sigpool.go:223.49,226.12 2 0
github.com/lightningnetwork/lnd/lnwallet/sigpool.go:227.35,227.35 0 0
github.com/lightningnetwork/lnd/lnwallet/sigpool.go:228.29,228.29 0 0
github.com/lightningnetwork/lnd/lnwallet/sigpool.go:230.5,231.12 1 1
github.com/lightningnetwork/lnd/lnwallet/sigpool.go:232.35,232.35 0 1
github.com/lightningnetwork/lnd/lnwallet/sigpool.go:233.29,233.29 0 0
github.com/lightningnetwork/lnd/lnwallet/sigpool.go:248.55,249.31 1 1
github.com/lightningnetwork/lnd/lnwallet/sigpool.go:249.31,250.10 1 1
github.com/lightningnetwork/lnd/lnwallet/sigpool.go:251.26,251.26 0 1
github.com/lightningnetwork/lnd/lnwallet/sigpool.go:252.21,252.21 0 0
github.com/lightningnetwork/lnd/lnwallet/sigpool.go:264.41,268.33 2 1
github.com/lightningnetwork/lnd/lnwallet/sigpool.go:279.2,279.16 1 1
github.com/lightningnetwork/lnd/lnwallet/sigpool.go:268.33,272.10 3 1
github.com/lightningnetwork/lnd/lnwallet/sigpool.go:273.28,273.28 0 1
github.com/lightningnetwork/lnd/lnwallet/sigpool.go:274.21,275.18 1 0
github.com/lightningnetwork/lnd/lnwallet/size.go:311.63,314.16 1 1
github.com/lightningnetwork/lnd/lnwallet/size.go:318.2,322.48 4 1
github.com/lightningnetwork/lnd/lnwallet/size.go:314.16,316.3 1 0
github.com/lightningnetwork/lnd/lnwallet/size.go:339.47,343.2 3 1
github.com/lightningnetwork/lnd/lnwallet/size.go:347.47,349.2 1 1
github.com/lightningnetwork/lnd/lnwallet/size.go:354.64,359.2 4 1
github.com/lightningnetwork/lnd/lnwallet/size.go:363.53,368.2 4 1
github.com/lightningnetwork/lnd/lnwallet/size.go:372.68,377.2 4 1
github.com/lightningnetwork/lnd/lnwallet/size.go:381.48,384.2 2 1
github.com/lightningnetwork/lnd/lnwallet/size.go:388.48,391.2 2 1
github.com/lightningnetwork/lnd/lnwallet/size.go:395.48,398.2 2 1
github.com/lightningnetwork/lnd/lnwallet/size.go:402.47,405.2 2 1
github.com/lightningnetwork/lnd/lnwallet/size.go:408.44,413.20 3 1
github.com/lightningnetwork/lnd/lnwallet/size.go:416.2,416.15 1 1
github.com/lightningnetwork/lnd/lnwallet/size.go:413.20,415.3 1 1
github.com/lightningnetwork/lnd/lnwallet/channel.go:129.37,130.11 1 0
github.com/lightningnetwork/lnd/lnwallet/channel.go:131.11,132.15 1 0
github.com/lightningnetwork/lnd/lnwallet/channel.go:133.12,134.16 1 0
github.com/lightningnetwork/lnd/lnwallet/channel.go:135.21,136.25 1 0
github.com/lightningnetwork/lnd/lnwallet/channel.go:137.14,138.18 1 0
github.com/lightningnetwork/lnd/lnwallet/channel.go:139.10,140.26 1 0
github.com/lightningnetwork/lnd/lnwallet/channel.go:354.47,357.44 1 1
github.com/lightningnetwork/lnd/lnwallet/channel.go:370.2,371.15 2 1
github.com/lightningnetwork/lnd/lnwallet/channel.go:375.2,375.33 1 1
github.com/lightningnetwork/lnd/lnwallet/channel.go:392.2,393.22 1 0
github.com/lightningnetwork/lnd/lnwallet/channel.go:357.44,358.23 1 1
github.com/lightningnetwork/lnd/lnwallet/channel.go:363.3,363.15 1 1
github.com/lightningnetwork/lnd/lnwallet/channel.go:358.23,359.14 1 1
github.com/lightningnetwork/lnd/lnwallet/channel.go:359.14,361.5 1 1
github.com/lightningnetwork/lnd/lnwallet/channel.go:371.15,373.3 1 1
github.com/lightningnetwork/lnd/lnwallet/channel.go:375.33,377.48 1 1
github.com/lightningnetwork/lnd/lnwallet/channel.go:377.48,382.41 1 1
github.com/lightningnetwork/lnd/lnwallet/channel.go:386.4,388.19 3 1
github.com/lightningnetwork/lnd/lnwallet/channel.go:382.41,383.13 1 1
github.com/lightningnetwork/lnd/lnwallet/channel.go:401.50,412.70 4 1
github.com/lightningnetwork/lnd/lnwallet/channel.go:473.2,473.44 1 1
github.com/lightningnetwork/lnd/lnwallet/channel.go:479.2,479.44 1 1
github.com/lightningnetwork/lnd/lnwallet/channel.go:486.2,486.12 1 1
github.com/lightningnetwork/lnd/lnwallet/channel.go:412.70,417.10 3 1
github.com/lightningnetwork/lnd/lnwallet/channel.go:466.3,466.13 1 1
github.com/lightningnetwork/lnd/lnwallet/channel.go:421.27,422.30 1 1
github.com/lightningnetwork/lnd/lnwallet/channel.go:427.28,428.31 1 1
github.com/lightningnetwork/lnd/lnwallet/channel.go:433.17,437.18 2 1
github.com/lightningnetwork/lnd/lnwallet/channel.go:445.4,445.16 1 1
github.com/lightningnetwork/lnd/lnwallet/channel.go:454.18,458.18 2 1
github.com/lightningnetwork/lnd/lnwallet/channel.go:462.11,463.57 1 0
github.com/lightningnetwork/lnd/lnwallet/channel.go:437.18,439.5 1 0
github.com/lightningnetwork/lnd/lnwallet/channel.go:445.16,447.5 1 1
github.com/lightningnetwork/lnd/lnwallet/channel.go:447.5,449.5 1 1
github.com/lightningnetwork/lnd/lnwallet/channel.go:458.18,460.5 1 0
github.com/lightningnetwork/lnd/lnwallet/channel.go:473.44,475.52 2 1
github.com/lightningnetwork/lnd/lnwallet/channel.go:475.52,477.4 1 0
github.com/lightningnetwork/lnd/lnwallet/channel.go:479.44,481.51 2 1
github.com/lightningnetwork/lnd/lnwallet/channel.go:481.51,483.4 1 0
github.com/lightningnetwork/lnd/lnwallet/channel.go:491.80,515.39 3 1
github.com/lightningnetwork/lnd/lnwallet/channel.go:540.2,540.39 1 1
github.com/lightningnetwork/lnd/lnwallet/channel.go:565.2,565.15 1 1
github.com/lightningnetwork/lnd/lnwallet/channel.go:515.39,517.17 2 1
github.com/lightningnetwork/lnd/lnwallet/channel.go:521.3,533.35 4 1
github.com/lightningnetwork/lnd/lnwallet/channel.go:537.3,537.41 1 1
github.com/lightningnetwork/lnd/lnwallet/channel.go:517.17,519.4 1 1
github.com/lightningnetwork/lnd/lnwallet/channel.go:533.35,535.4 1 1
github.com/lightningnetwork/lnd/lnwallet/channel.go:540.39,542.17 2 1
github.com/lightningnetwork/lnd/lnwallet/channel.go:546.3,558.35 4 1
github.com/lightningnetwork/lnd/lnwallet/channel.go:562.3,562.41 1 1
github.com/lightningnetwork/lnd/lnwallet/channel.go:542.17,544.4 1 1
github.com/lightningnetwork/lnd/lnwallet/channel.go:558.35,560.4 1 1
github.com/lightningnetwork/lnd/lnwallet/channel.go:575.83,594.44 3 1
github.com/lightningnetwork/lnd/lnwallet/channel.go:602.2,604.46 2 1
github.com/lightningnetwork/lnd/lnwallet/channel.go:616.2,634.21 2 1
github.com/lightningnetwork/lnd/lnwallet/channel.go:642.2,642.16 1 1
github.com/lightningnetwork/lnd/lnwallet/channel.go:594.44,598.17 2 1
github.com/lightningnetwork/lnd/lnwallet/channel.go:598.17,600.4 1 0
github.com/lightningnetwork/lnd/lnwallet/channel.go:604.46,608.17 2 1
github.com/lightningnetwork/lnd/lnwallet/channel.go:608.17,610.4 1 0
github.com/lightningnetwork/lnd/lnwallet/channel.go:634.21,636.3 1 1
github.com/lightningnetwork/lnd/lnwallet/channel.go:636.3,640.3 2 1
github.com/lightningnetwork/lnd/lnwallet/channel.go:652.89,662.29 2 1
github.com/lightningnetwork/lnd/lnwallet/channel.go:682.2,682.42 1 1
github.com/lightningnetwork/lnd/lnwallet/channel.go:662.29,671.17 2 1
github.com/lightningnetwork/lnd/lnwallet/channel.go:675.3,675.20 1 1
github.com/lightningnetwork/lnd/lnwallet/channel.go:671.17,673.4 1 0
github.com/lightningnetwork/lnd/lnwallet/channel.go:675.20,677.4 1 1
github.com/lightningnetwork/lnd/lnwallet/channel.go:677.4,679.4 1 1
github.com/lightningnetwork/lnd/lnwallet/channel.go:690.77,698.29 2 1
github.com/lightningnetwork/lnd/lnwallet/channel.go:702.2,702.30 1 1
github.com/lightningnetwork/lnd/lnwallet/channel.go:710.2,715.16 2 1
github.com/lightningnetwork/lnd/lnwallet/channel.go:726.2,742.13 2 1
github.com/lightningnetwork/lnd/lnwallet/channel.go:750.2,750.53 1 1
github.com/lightningnetwork/lnd/lnwallet/channel.go:754.2,754.20 1 1
github.com/lightningnetwork/lnd/lnwallet/channel.go:698.29,701.3 1 1
github.com/lightningnetwork/lnd/lnwallet/channel.go:702.30,705.3 1 1
github.com/lightningnetwork/lnd/lnwallet/channel.go:715.16,717.3 1 0
github.com/lightningnetwork/lnd/lnwallet/channel.go:742.13,744.3 1 1
github.com/lightningnetwork/lnd/lnwallet/channel.go:744.3,746.3 1 1
github.com/lightningnetwork/lnd/lnwallet/channel.go:750.53,752.3 1 0
github.com/lightningnetwork/lnd/lnwallet/channel.go:796.75,812.17 7 1
github.com/lightningnetwork/lnd/lnwallet/channel.go:821.2,824.16 3 1
github.com/lightningnetwork/lnd/lnwallet/channel.go:812.17,816.3 3 1
github.com/lightningnetwork/lnd/lnwallet/channel.go:816.3,820.3 3 1
github.com/lightningnetwork/lnd/lnwallet/channel.go:848.64,853.2 1 1
github.com/lightningnetwork/lnd/lnwallet/channel.go:859.56,861.2 1 1
github.com/lightningnetwork/lnd/lnwallet/channel.go:866.41,868.2 1 1
github.com/lightningnetwork/lnd/lnwallet/channel.go:871.45,873.2 1 1
github.com/lightningnetwork/lnd/lnwallet/channel.go:876.46,878.2 1 1
github.com/lightningnetwork/lnd/lnwallet/channel.go:883.55,885.2 1 1
github.com/lightningnetwork/lnd/lnwallet/channel.go:923.60,931.2 1 1
github.com/lightningnetwork/lnd/lnwallet/channel.go:938.56,939.44 1 1
github.com/lightningnetwork/lnd/lnwallet/channel.go:943.2,943.44 1 1
github.com/lightningnetwork/lnd/lnwallet/channel.go:939.44,941.3 1 1
github.com/lightningnetwork/lnd/lnwallet/channel.go:948.57,951.2 2 1
github.com/lightningnetwork/lnd/lnwallet/channel.go:955.55,960.2 3 1
github.com/lightningnetwork/lnd/lnwallet/channel.go:964.61,966.9 2 1
github.com/lightningnetwork/lnd/lnwallet/channel.go:970.2,970.40 1 1
github.com/lightningnetwork/lnd/lnwallet/channel.go:966.9,968.3 1 0
github.com/lightningnetwork/lnd/lnwallet/channel.go:975.44,979.2 3 1
github.com/lightningnetwork/lnd/lnwallet/channel.go:984.42,988.2 3 1
github.com/lightningnetwork/lnd/lnwallet/channel.go:994.42,996.44 1 1
github.com/lightningnetwork/lnd/lnwallet/channel.go:1030.2,1031.30 2 1
github.com/lightningnetwork/lnd/lnwallet/channel.go:996.44,998.46 2 1
github.com/lightningnetwork/lnd/lnwallet/channel.go:998.46,1005.29 3 1
github.com/lightningnetwork/lnd/lnwallet/channel.go:1011.4,1012.39 1 1
github.com/lightningnetwork/lnd/lnwallet/channel.go:1020.4,1021.52 1 1
github.com/lightningnetwork/lnd/lnwallet/channel.go:1005.29,1006.13 1 1
github.com/lightningnetwork/lnd/lnwallet/channel.go:1012.39,1013.13 1 1
github.com/lightningnetwork/lnd/lnwallet/channel.go:1021.52,1025.5 2 1
github.com/lightningnetwork/lnd/lnwallet/channel.go:1195.76,1200.16 4 1
github.com/lightningnetwork/lnd/lnwallet/channel.go:1204.2,1205.23 2 1
github.com/lightningnetwork/lnd/lnwallet/channel.go:1217.2,1258.16 7 1
github.com/lightningnetwork/lnd/lnwallet/channel.go:1268.2,1269.16 2 1
github.com/lightningnetwork/lnd/lnwallet/channel.go:1272.2,1288.29 4 1
github.com/lightningnetwork/lnd/lnwallet/channel.go:1318.2,1323.36 3 1
github.com/lightningnetwork/lnd/lnwallet/channel.go:1327.2,1327.16 1 1
github.com/lightningnetwork/lnd/lnwallet/channel.go:1200.16,1202.3 1 0
github.com/lightningnetwork/lnd/lnwallet/channel.go:1205.23,1210.3 1 1
github.com/lightningnetwork/lnd/lnwallet/channel.go:1210.3,1215.3 1 1
github.com/lightningnetwork/lnd/lnwallet/channel.go:1258.16,1260.3 1 0
github.com/lightningnetwork/lnd/lnwallet/channel.go:1269.16,1271.3 1 0
github.com/lightningnetwork/lnd/lnwallet/channel.go:1288.29,1299.22 3 1
github.com/lightningnetwork/lnd/lnwallet/channel.go:1303.3,1306.17 2 1
github.com/lightningnetwork/lnd/lnwallet/channel.go:1313.3,1314.40 2 1
github.com/lightningnetwork/lnd/lnwallet/channel.go:1299.22,1301.4 1 1
github.com/lightningnetwork/lnd/lnwallet/channel.go:1306.17,1308.4 1 0
github.com/lightningnetwork/lnd/lnwallet/channel.go:1323.36,1325.3 1 0
github.com/lightningnetwork/lnd/lnwallet/channel.go:1332.36,1333.53 1 1
github.com/lightningnetwork/lnd/lnwallet/channel.go:1340.2,1344.14 3 1
github.com/lightningnetwork/lnd/lnwallet/channel.go:1333.53,1335.3 1 0
github.com/lightningnetwork/lnd/lnwallet/channel.go:1356.62,1362.47 2 1
github.com/lightningnetwork/lnd/lnwallet/channel.go:1451.2,1451.16 1 1
github.com/lightningnetwork/lnd/lnwallet/channel.go:1368.29,1388.20 4 1
github.com/lightningnetwork/lnd/lnwallet/channel.go:1404.32,1414.4 2 1
github.com/lightningnetwork/lnd/lnwallet/channel.go:1420.30,1431.4 2 0
github.com/lightningnetwork/lnd/lnwallet/channel.go:1435.39,1448.4 2 0
github.com/lightningnetwork/lnd/lnwallet/channel.go:1388.20,1392.18 2 1
github.com/lightningnetwork/lnd/lnwallet/channel.go:1395.4,1396.46 2 1
github.com/lightningnetwork/lnd/lnwallet/channel.go:1392.18,1394.5 1 0
github.com/lightningnetwork/lnd/lnwallet/channel.go:1462.52,1471.16 2 1
github.com/lightningnetwork/lnd/lnwallet/channel.go:1474.2,1484.16 4 1
github.com/lightningnetwork/lnd/lnwallet/channel.go:1487.2,1490.64 2 1
github.com/lightningnetwork/lnd/lnwallet/channel.go:1496.2,1500.16 2 1
github.com/lightningnetwork/lnd/lnwallet/channel.go:1503.2,1506.64 2 1
github.com/lightningnetwork/lnd/lnwallet/channel.go:1511.2,1519.55 3 1
github.com/lightningnetwork/lnd/lnwallet/channel.go:1523.2,1523.32 1 1
github.com/lightningnetwork/lnd/lnwallet/channel.go:1552.2,1555.16 2 1
github.com/lightningnetwork/lnd/lnwallet/channel.go:1559.2,1559.12 1 1
github.com/lightningnetwork/lnd/lnwallet/channel.go:1471.16,1473.3 1 0
github.com/lightningnetwork/lnd/lnwallet/channel.go:1484.16,1486.3 1 0
github.com/lightningnetwork/lnd/lnwallet/channel.go:1490.64,1492.4 1 0
github.com/lightningnetwork/lnd/lnwallet/channel.go:1500.16,1502.3 1 0
github.com/lightningnetwork/lnd/lnwallet/channel.go:1506.64,1508.4 1 0
github.com/lightningnetwork/lnd/lnwallet/channel.go:1519.55,1521.3 1 1
github.com/lightningnetwork/lnd/lnwallet/channel.go:1523.32,1534.17 3 1
github.com/lightningnetwork/lnd/lnwallet/channel.go:1537.3,1544.4 2 1
github.com/lightningnetwork/lnd/lnwallet/channel.go:1534.17,1536.4 1 0
github.com/lightningnetwork/lnd/lnwallet/channel.go:1555.16,1557.3 1 0
github.com/lightningnetwork/lnd/lnwallet/channel.go:1569.46,1579.47 1 1
github.com/lightningnetwork/lnd/lnwallet/channel.go:1585.2,1585.47 1 1
github.com/lightningnetwork/lnd/lnwallet/channel.go:1594.2,1594.48 1 1
github.com/lightningnetwork/lnd/lnwallet/channel.go:1600.2,1600.48 1 1
github.com/lightningnetwork/lnd/lnwallet/channel.go:1607.2,1607.32 1 1
github.com/lightningnetwork/lnd/lnwallet/channel.go:1611.2,1616.59 3 1
github.com/lightningnetwork/lnd/lnwallet/channel.go:1633.2,1633.12 1 1
github.com/lightningnetwork/lnd/lnwallet/channel.go:1579.47,1584.3 3 1
github.com/lightningnetwork/lnd/lnwallet/channel.go:1585.47,1588.3 2 1
github.com/lightningnetwork/lnd/lnwallet/channel.go:1594.48,1599.3 2 1
github.com/lightningnetwork/lnd/lnwallet/channel.go:1600.48,1603.3 2 1
github.com/lightningnetwork/lnd/lnwallet/channel.go:1607.32,1609.3 1 1
github.com/lightningnetwork/lnd/lnwallet/channel.go:1616.59,1622.17 2 1
github.com/lightningnetwork/lnd/lnwallet/channel.go:1626.3,1626.31 1 1
github.com/lightningnetwork/lnd/lnwallet/channel.go:1622.17,1624.4 1 0
github.com/lightningnetwork/lnd/lnwallet/channel.go:1626.31,1628.4 1 1
github.com/lightningnetwork/lnd/lnwallet/channel.go:1628.4,1630.4 1 1
github.com/lightningnetwork/lnd/lnwallet/channel.go:1708.63,1715.16 3 0
github.com/lightningnetwork/lnd/lnwallet/channel.go:1722.2,1723.16 2 0
github.com/lightningnetwork/lnd/lnwallet/channel.go:1726.2,1740.16 5 0
github.com/lightningnetwork/lnd/lnwallet/channel.go:1743.2,1744.16 2 0
github.com/lightningnetwork/lnd/lnwallet/channel.go:1747.2,1748.16 2 0
github.com/lightningnetwork/lnd/lnwallet/channel.go:1754.2,1760.50 3 0
github.com/lightningnetwork/lnd/lnwallet/channel.go:1772.2,1783.51 4 0
github.com/lightningnetwork/lnd/lnwallet/channel.go:1798.2,1798.52 1 0
github.com/lightningnetwork/lnd/lnwallet/channel.go:1814.2,1815.45 2 0
github.com/lightningnetwork/lnd/lnwallet/channel.go:1865.2,1874.8 1 0
github.com/lightningnetwork/lnd/lnwallet/channel.go:1715.16,1717.3 1 0
github.com/lightningnetwork/lnd/lnwallet/channel.go:1723.16,1725.3 1 0
github.com/lightningnetwork/lnd/lnwallet/channel.go:1740.16,1742.3 1 0
github.com/lightningnetwork/lnd/lnwallet/channel.go:1744.16,1746.3 1 0
github.com/lightningnetwork/lnd/lnwallet/channel.go:1748.16,1750.3 1 0
github.com/lightningnetwork/lnd/lnwallet/channel.go:1760.50,1761.10 1 0
github.com/lightningnetwork/lnd/lnwallet/channel.go:1762.51,1763.35 1 0
github.com/lightningnetwork/lnd/lnwallet/channel.go:1764.55,1765.36 1 0
github.com/lightningnetwork/lnd/lnwallet/channel.go:1783.51,1794.3 1 0
github.com/lightningnetwork/lnd/lnwallet/channel.go:1798.52,1809.3 1 0
github.com/lightningnetwork/lnd/lnwallet/channel.go:1815.45,1824.20 2 0
github.com/lightningnetwork/lnd/lnwallet/channel.go:1844.3,1859.4 1 0
github.com/lightningnetwork/lnd/lnwallet/channel.go:1824.20,1827.18 2 0
github.com/lightningnetwork/lnd/lnwallet/channel.go:1827.18,1829.5 1 0
github.com/lightningnetwork/lnd/lnwallet/channel.go:1834.4,1839.18 2 0
github.com/lightningnetwork/lnd/lnwallet/channel.go:1839.18,1841.5 1 0
github.com/lightningnetwork/lnd/lnwallet/channel.go:1886.84,1897.9 4 1
github.com/lightningnetwork/lnd/lnwallet/channel.go:1917.2,1919.31 2 0
github.com/lightningnetwork/lnd/lnwallet/channel.go:1924.2,1935.21 5 0
github.com/lightningnetwork/lnd/lnwallet/channel.go:1939.2,1954.9 7 0
github.com/lightningnetwork/lnd/lnwallet/channel.go:1900.50,1901.10 1 0
github.com/lightningnetwork/lnd/lnwallet/channel.go:1907.17,1912.9 2 1
github.com/lightningnetwork/lnd/lnwallet/channel.go:1901.10,1903.4 1 0
github.com/lightningnetwork/lnd/lnwallet/channel.go:1919.31,1923.3 2 0
github.com/lightningnetwork/lnd/lnwallet/channel.go:1935.21,1937.3 1 0
github.com/lightningnetwork/lnd/lnwallet/channel.go:1965.44,1984.55 3 0
github.com/lightningnetwork/lnd/lnwallet/channel.go:1992.3,2003.17 4 0
github.com/lightningnetwork/lnd/lnwallet/channel.go:2012.3,2013.17 2 0
github.com/lightningnetwork/lnd/lnwallet/channel.go:2018.3,2019.59 2 0
github.com/lightningnetwork/lnd/lnwallet/channel.go:2032.3,2033.23 2 0
github.com/lightningnetwork/lnd/lnwallet/channel.go:2055.3,2066.4 2 0
github.com/lightningnetwork/lnd/lnwallet/channel.go:2073.43,2083.17 3 0
github.com/lightningnetwork/lnd/lnwallet/channel.go:2088.3,2094.35 2 0
github.com/lightningnetwork/lnd/lnwallet/channel.go:1984.55,1987.4 1 0
github.com/lightningnetwork/lnd/lnwallet/channel.go:2003.17,2007.4 2 0
github.com/lightningnetwork/lnd/lnwallet/channel.go:2013.17,2017.4 2 0
github.com/lightningnetwork/lnd/lnwallet/channel.go:2019.59,2020.46 1 0
github.com/lightningnetwork/lnd/lnwallet/channel.go:2020.46,2025.10 2 0
github.com/lightningnetwork/lnd/lnwallet/channel.go:2033.23,2046.4 3 0
github.com/lightningnetwork/lnd/lnwallet/channel.go:2083.17,2086.4 2 0
github.com/lightningnetwork/lnd/lnwallet/channel.go:2100.61,2102.2 1 1
github.com/lightningnetwork/lnd/lnwallet/channel.go:2106.61,2108.2 1 1
github.com/lightningnetwork/lnd/lnwallet/channel.go:2117.52,2123.9 2 1
github.com/lightningnetwork/lnd/lnwallet/channel.go:2149.2,2149.40 1 1
github.com/lightningnetwork/lnd/lnwallet/channel.go:2127.29,2128.37 1 1
github.com/lightningnetwork/lnd/lnwallet/channel.go:2133.30,2134.37 1 1
github.com/lightningnetwork/lnd/lnwallet/channel.go:2139.30,2140.37 1 1
github.com/lightningnetwork/lnd/lnwallet/channel.go:2145.31,2146.37 1 1
github.com/lightningnetwork/lnd/lnwallet/channel.go:2162.88,2164.61 2 1
github.com/lightningnetwork/lnd/lnwallet/channel.go:2175.2,2176.62 2 1
github.com/lightningnetwork/lnd/lnwallet/channel.go:2187.2,2190.3 1 1
github.com/lightningnetwork/lnd/lnwallet/channel.go:2164.61,2170.34 2 1
github.com/lightningnetwork/lnd/lnwallet/channel.go:2170.34,2172.4 1 1
github.com/lightningnetwork/lnd/lnwallet/channel.go:2176.62,2182.36 2 1
github.com/lightningnetwork/lnd/lnwallet/channel.go:2182.36,2184.4 1 1
github.com/lightningnetwork/lnd/lnwallet/channel.go:2201.51,2204.17 2 1
github.com/lightningnetwork/lnd/lnwallet/channel.go:2208.2,2215.33 3 1
github.com/lightningnetwork/lnd/lnwallet/channel.go:2221.2,2237.33 5 1
github.com/lightningnetwork/lnd/lnwallet/channel.go:2267.2,2268.17 2 1
github.com/lightningnetwork/lnd/lnwallet/channel.go:2275.2,2292.76 2 1
github.com/lightningnetwork/lnd/lnwallet/channel.go:2299.2,2300.51 2 1
github.com/lightningnetwork/lnd/lnwallet/channel.go:2303.2,2304.53 2 1
github.com/lightningnetwork/lnd/lnwallet/channel.go:2310.2,2310.48 1 1
github.com/lightningnetwork/lnd/lnwallet/channel.go:2314.2,2314.15 1 1
github.com/lightningnetwork/lnd/lnwallet/channel.go:2204.17,2206.3 1 1
github.com/lightningnetwork/lnd/lnwallet/channel.go:2215.33,2217.3 1 1
github.com/lightningnetwork/lnd/lnwallet/channel.go:2217.3,2217.41 1 1
github.com/lightningnetwork/lnd/lnwallet/channel.go:2217.41,2219.3 1 1
github.com/lightningnetwork/lnd/lnwallet/channel.go:2237.33,2238.10 1 1
github.com/lightningnetwork/lnd/lnwallet/channel.go:2242.50,2243.35 1 1
github.com/lightningnetwork/lnd/lnwallet/channel.go:2248.54,2249.38 1 1
github.com/lightningnetwork/lnd/lnwallet/channel.go:2251.3,2252.10 1 1
github.com/lightningnetwork/lnd/lnwallet/channel.go:2255.51,2256.35 1 1
github.com/lightningnetwork/lnd/lnwallet/channel.go:2260.53,2261.38 1 1
github.com/lightningnetwork/lnd/lnwallet/channel.go:2268.17,2270.3 1 1
github.com/lightningnetwork/lnd/lnwallet/channel.go:2270.3,2272.3 1 1
github.com/lightningnetwork/lnd/lnwallet/channel.go:2292.76,2294.3 1 0
github.com/lightningnetwork/lnd/lnwallet/channel.go:2300.51,2302.3 1 1
github.com/lightningnetwork/lnd/lnwallet/channel.go:2304.53,2306.3 1 1
github.com/lightningnetwork/lnd/lnwallet/channel.go:2310.48,2312.3 1 0
github.com/lightningnetwork/lnd/lnwallet/channel.go:2320.64,2326.51 4 1
github.com/lightningnetwork/lnd/lnwallet/channel.go:2335.2,2335.53 1 1
github.com/lightningnetwork/lnd/lnwallet/channel.go:2349.2,2358.33 3 1
github.com/lightningnetwork/lnd/lnwallet/channel.go:2364.2,2368.14 2 1
github.com/lightningnetwork/lnd/lnwallet/channel.go:2380.2,2382.16 2 1
github.com/lightningnetwork/lnd/lnwallet/channel.go:2390.2,2390.51 1 1
github.com/lightningnetwork/lnd/lnwallet/channel.go:2401.2,2401.53 1 1
github.com/lightningnetwork/lnd/lnwallet/channel.go:2416.2,2417.16 2 1
github.com/lightningnetwork/lnd/lnwallet/channel.go:2424.2,2430.12 6 1
github.com/lightningnetwork/lnd/lnwallet/channel.go:2326.51,2328.43 1 1
github.com/lightningnetwork/lnd/lnwallet/channel.go:2333.3,2333.13 1 1
github.com/lightningnetwork/lnd/lnwallet/channel.go:2328.43,2330.12 1 1
github.com/lightningnetwork/lnd/lnwallet/channel.go:2335.53,2337.43 1 1
github.com/lightningnetwork/lnd/lnwallet/channel.go:2342.3,2342.13 1 1
github.com/lightningnetwork/lnd/lnwallet/channel.go:2337.43,2339.12 1 1
github.com/lightningnetwork/lnd/lnwallet/channel.go:2358.33,2360.3 1 1
github.com/lightningnetwork/lnd/lnwallet/channel.go:2360.3,2360.41 1 1
github.com/lightningnetwork/lnd/lnwallet/channel.go:2360.41,2362.3 1 1
github.com/lightningnetwork/lnd/lnwallet/channel.go:2368.14,2372.3 3 1
github.com/lightningnetwork/lnd/lnwallet/channel.go:2372.3,2376.3 3 1
github.com/lightningnetwork/lnd/lnwallet/channel.go:2382.16,2384.3 1 0
github.com/lightningnetwork/lnd/lnwallet/channel.go:2390.51,2392.43 1 1
github.com/lightningnetwork/lnd/lnwallet/channel.go:2396.3,2397.17 2 1
github.com/lightningnetwork/lnd/lnwallet/channel.go:2392.43,2393.12 1 1
github.com/lightningnetwork/lnd/lnwallet/channel.go:2397.17,2399.4 1 0
github.com/lightningnetwork/lnd/lnwallet/channel.go:2401.53,2403.43 1 1
github.com/lightningnetwork/lnd/lnwallet/channel.go:2407.3,2408.17 2 1
github.com/lightningnetwork/lnd/lnwallet/channel.go:2403.43,2404.12 1 1
github.com/lightningnetwork/lnd/lnwallet/channel.go:2408.17,2410.4 1 0
github.com/lightningnetwork/lnd/lnwallet/channel.go:2417.16,2419.3 1 0
github.com/lightningnetwork/lnd/lnwallet/channel.go:2439.84,2453.40 4 1
github.com/lightningnetwork/lnd/lnwallet/channel.go:2473.2,2473.42 1 1
github.com/lightningnetwork/lnd/lnwallet/channel.go:2497.2,2497.40 1 1
github.com/lightningnetwork/lnd/lnwallet/channel.go:2507.2,2507.42 1 1
github.com/lightningnetwork/lnd/lnwallet/channel.go:2518.2,2518.16 1 1
github.com/lightningnetwork/lnd/lnwallet/channel.go:2453.40,2454.29 1 1
github.com/lightningnetwork/lnd/lnwallet/channel.go:2461.3,2462.39 1 1
github.com/lightningnetwork/lnd/lnwallet/channel.go:2467.3,2471.34 3 1
github.com/lightningnetwork/lnd/lnwallet/channel.go:2454.29,2455.12 1 1
github.com/lightningnetwork/lnd/lnwallet/channel.go:2462.39,2464.4 1 1
github.com/lightningnetwork/lnd/lnwallet/channel.go:2473.42,2474.29 1 1
github.com/lightningnetwork/lnd/lnwallet/channel.go:2482.3,2483.39 1 1
github.com/lightningnetwork/lnd/lnwallet/channel.go:2487.3,2491.35 3 1
github.com/lightningnetwork/lnd/lnwallet/channel.go:2474.29,2475.12 1 1
github.com/lightningnetwork/lnd/lnwallet/channel.go:2483.39,2485.4 1 1
github.com/lightningnetwork/lnd/lnwallet/channel.go:2497.40,2499.53 2 1
github.com/lightningnetwork/lnd/lnwallet/channel.go:2503.3,2505.57 2 1
github.com/lightningnetwork/lnd/lnwallet/channel.go:2499.53,2500.12 1 1
github.com/lightningnetwork/lnd/lnwallet/channel.go:2507.42,2509.55 2 1
github.com/lightningnetwork/lnd/lnwallet/channel.go:2513.3,2515.61 2 1
github.com/lightningnetwork/lnd/lnwallet/channel.go:2509.55,2510.12 1 1
github.com/lightningnetwork/lnd/lnwallet/channel.go:2526.56,2533.17 2 1
github.com/lightningnetwork/lnd/lnwallet/channel.go:2539.2,2539.21 1 1
github.com/lightningnetwork/lnd/lnwallet/channel.go:2543.2,2543.16 1 1
github.com/lightningnetwork/lnd/lnwallet/channel.go:2554.2,2554.25 1 1
github.com/lightningnetwork/lnd/lnwallet/channel.go:2533.17,2535.3 1 1
github.com/lightningnetwork/lnd/lnwallet/channel.go:2535.3,2537.3 1 1
github.com/lightningnetwork/lnd/lnwallet/channel.go:2539.21,2541.3 1 1
github.com/lightningnetwork/lnd/lnwallet/channel.go:2543.16,2548.3 1 1
github.com/lightningnetwork/lnd/lnwallet/channel.go:2548.3,2552.3 1 1
github.com/lightningnetwork/lnd/lnwallet/channel.go:2562.37,2565.17 2 1
github.com/lightningnetwork/lnd/lnwallet/channel.go:2572.2,2572.24 1 1
github.com/lightningnetwork/lnd/lnwallet/channel.go:2576.2,2576.9 1 1
github.com/lightningnetwork/lnd/lnwallet/channel.go:2602.2,2602.28 1 1
github.com/lightningnetwork/lnd/lnwallet/channel.go:2565.17,2567.3 1 1
github.com/lightningnetwork/lnd/lnwallet/channel.go:2567.3,2569.3 1 1
github.com/lightningnetwork/lnd/lnwallet/channel.go:2572.24,2574.3 1 1
github.com/lightningnetwork/lnd/lnwallet/channel.go:2581.46,2582.29 1 1
github.com/lightningnetwork/lnd/lnwallet/channel.go:2586.81,2587.31 1 1
github.com/lightningnetwork/lnd/lnwallet/channel.go:2593.47,2594.31 1 1
github.com/lightningnetwork/lnd/lnwallet/channel.go:2598.82,2599.29 1 1
github.com/lightningnetwork/lnd/lnwallet/channel.go:2613.66,2632.54 8 1
github.com/lightningnetwork/lnd/lnwallet/channel.go:2683.2,2683.54 1 1
github.com/lightningnetwork/lnd/lnwallet/channel.go:2734.2,2734.34 1 1
github.com/lightningnetwork/lnd/lnwallet/channel.go:2632.54,2634.15 1 1
github.com/lightningnetwork/lnd/lnwallet/channel.go:2640.3,2661.17 8 1
github.com/lightningnetwork/lnd/lnwallet/channel.go:2668.3,2681.38 3 1
github.com/lightningnetwork/lnd/lnwallet/channel.go:2634.15,2635.12 1 1
github.com/lightningnetwork/lnd/lnwallet/channel.go:2661.17,2663.4 1 0
github.com/lightningnetwork/lnd/lnwallet/channel.go:2683.54,2685.15 1 1
github.com/lightningnetwork/lnd/lnwallet/channel.go:2689.3,2711.17 8 1
github.com/lightningnetwork/lnd/lnwallet/channel.go:2718.3,2731.38 3 1
github.com/lightningnetwork/lnd/lnwallet/channel.go:2685.15,2686.12 1 1
github.com/lightningnetwork/lnd/lnwallet/channel.go:2711.17,2713.4 1 0
github.com/lightningnetwork/lnd/lnwallet/channel.go:2744.62,2757.61 3 1
github.com/lightningnetwork/lnd/lnwallet/channel.go:2821.2,2833.8 2 1
github.com/lightningnetwork/lnd/lnwallet/channel.go:2757.61,2764.52 2 1
github.com/lightningnetwork/lnd/lnwallet/channel.go:2772.3,2780.23 2 1
github.com/lightningnetwork/lnd/lnwallet/channel.go:2815.3,2815.45 1 1
github.com/lightningnetwork/lnd/lnwallet/channel.go:2764.52,2766.12 1 1
github.com/lightningnetwork/lnd/lnwallet/channel.go:2781.12,2790.30 3 1
github.com/lightningnetwork/lnd/lnwallet/channel.go:2792.15,2797.5 1 1
github.com/lightningnetwork/lnd/lnwallet/channel.go:2799.13,2804.5 1 1
github.com/lightningnetwork/lnd/lnwallet/channel.go:2806.22,2812.5 1 0
github.com/lightningnetwork/lnd/lnwallet/channel.go:2846.96,2853.49 3 1
github.com/lightningnetwork/lnd/lnwallet/channel.go:2858.2,2867.16 4 1
github.com/lightningnetwork/lnd/lnwallet/channel.go:2874.2,2889.16 4 1
github.com/lightningnetwork/lnd/lnwallet/channel.go:2893.2,2900.31 2 1
github.com/lightningnetwork/lnd/lnwallet/channel.go:2909.2,2912.16 2 1
github.com/lightningnetwork/lnd/lnwallet/channel.go:2915.2,2922.16 4 1
github.com/lightningnetwork/lnd/lnwallet/channel.go:2926.2,2927.16 2 1
github.com/lightningnetwork/lnd/lnwallet/channel.go:2935.2,2935.43 1 1
github.com/lightningnetwork/lnd/lnwallet/channel.go:2941.2,2942.38 2 1
github.com/lightningnetwork/lnd/lnwallet/channel.go:2960.2,2961.16 2 1
github.com/lightningnetwork/lnd/lnwallet/channel.go:2964.2,2964.69 1 1
github.com/lightningnetwork/lnd/lnwallet/channel.go:2974.2,2981.33 2 1
github.com/lightningnetwork/lnd/lnwallet/channel.go:2986.2,2986.27 1 1
github.com/lightningnetwork/lnd/lnwallet/channel.go:2853.49,2855.3 1 0
github.com/lightningnetwork/lnd/lnwallet/channel.go:2867.16,2869.3 1 0
github.com/lightningnetwork/lnd/lnwallet/channel.go:2889.16,2891.3 1 0
github.com/lightningnetwork/lnd/lnwallet/channel.go:2900.31,2902.4 1 0
github.com/lightningnetwork/lnd/lnwallet/channel.go:2912.16,2914.3 1 0
github.com/lightningnetwork/lnd/lnwallet/channel.go:2922.16,2925.3 2 0
github.com/lightningnetwork/lnd/lnwallet/channel.go:2927.16,2930.3 2 0
github.com/lightningnetwork/lnd/lnwallet/channel.go:2935.43,2937.3 1 1
github.com/lightningnetwork/lnd/lnwallet/channel.go:2942.38,2947.25 2 1
github.com/lightningnetwork/lnd/lnwallet/channel.go:2952.3,2952.43 1 1
github.com/lightningnetwork/lnd/lnwallet/channel.go:2947.25,2950.4 2 0
github.com/lightningnetwork/lnd/lnwallet/channel.go:2961.16,2963.3 1 0
github.com/lightningnetwork/lnd/lnwallet/channel.go:2964.69,2966.3 1 0
github.com/lightningnetwork/lnd/lnwallet/channel.go:2981.33,2984.3 2 1
github.com/lightningnetwork/lnd/lnwallet/channel.go:3003.106,3029.19 6 1
github.com/lightningnetwork/lnd/lnwallet/channel.go:3068.2,3068.19 1 1
github.com/lightningnetwork/lnd/lnwallet/channel.go:3095.2,3095.21 1 1
github.com/lightningnetwork/lnd/lnwallet/channel.go:3029.19,3033.17 2 1
github.com/lightningnetwork/lnd/lnwallet/channel.go:3036.3,3044.38 2 1
github.com/lightningnetwork/lnd/lnwallet/channel.go:3033.17,3035.4 1 0
github.com/lightningnetwork/lnd/lnwallet/channel.go:3044.38,3047.18 2 0
github.com/lightningnetwork/lnd/lnwallet/channel.go:3050.4,3056.6 1 0
github.com/lightningnetwork/lnd/lnwallet/channel.go:3047.18,3049.5 1 0
github.com/lightningnetwork/lnd/lnwallet/channel.go:3062.3,3062.82 1 1
github.com/lightningnetwork/lnd/lnwallet/channel.go:3062.82,3064.3 1 1
github.com/lightningnetwork/lnd/lnwallet/channel.go:3068.19,3073.17 2 1
github.com/lightningnetwork/lnd/lnwallet/channel.go:3079.3,3079.51 1 1
github.com/lightningnetwork/lnd/lnwallet/channel.go:3086.3,3086.50 1 1
github.com/lightningnetwork/lnd/lnwallet/channel.go:3073.17,3075.4 1 0
github.com/lightningnetwork/lnd/lnwallet/channel.go:3079.51,3081.4 1 1
github.com/lightningnetwork/lnd/lnwallet/channel.go:3091.3,3091.83 1 1
github.com/lightningnetwork/lnd/lnwallet/channel.go:3091.83,3093.3 1 0
github.com/lightningnetwork/lnd/lnwallet/channel.go:3109.70,3129.2 3 1
github.com/lightningnetwork/lnd/lnwallet/channel.go:3136.72,3144.16 2 1
github.com/lightningnetwork/lnd/lnwallet/channel.go:3150.2,3152.12 2 1
github.com/lightningnetwork/lnd/lnwallet/channel.go:3165.2,3165.11 1 1
github.com/lightningnetwork/lnd/lnwallet/channel.go:3183.2,3184.21 2 1
github.com/lightningnetwork/lnd/lnwallet/channel.go:3190.2,3190.31 1 1
github.com/lightningnetwork/lnd/lnwallet/channel.go:3194.2,3194.12 1 1
github.com/lightningnetwork/lnd/lnwallet/channel.go:3144.16,3146.3 1 1
github.com/lightningnetwork/lnd/lnwallet/channel.go:3152.12,3153.43 1 1
github.com/lightningnetwork/lnd/lnwallet/channel.go:3158.3,3158.41 1 1
github.com/lightningnetwork/lnd/lnwallet/channel.go:3153.43,3154.30 1 1
github.com/lightningnetwork/lnd/lnwallet/channel.go:3154.30,3156.5 1 1
github.com/lightningnetwork/lnd/lnwallet/channel.go:3158.41,3159.30 1 1
github.com/lightningnetwork/lnd/lnwallet/channel.go:3159.30,3161.5 1 1
github.com/lightningnetwork/lnd/lnwallet/channel.go:3165.11,3166.41 1 1
github.com/lightningnetwork/lnd/lnwallet/channel.go:3171.3,3171.43 1 1
github.com/lightningnetwork/lnd/lnwallet/channel.go:3166.41,3167.30 1 1
github.com/lightningnetwork/lnd/lnwallet/channel.go:3167.30,3169.5 1 1
github.com/lightningnetwork/lnd/lnwallet/channel.go:3171.43,3172.30 1 1
github.com/lightningnetwork/lnd/lnwallet/channel.go:3172.30,3174.5 1 1
github.com/lightningnetwork/lnd/lnwallet/channel.go:3184.21,3186.3 1 1
github.com/lightningnetwork/lnd/lnwallet/channel.go:3186.3,3188.3 1 1
github.com/lightningnetwork/lnd/lnwallet/channel.go:3190.31,3192.3 1 0
github.com/lightningnetwork/lnd/lnwallet/channel.go:3203.68,3207.24 1 1
github.com/lightningnetwork/lnd/lnwallet/channel.go:3211.2,3227.51 6 1
github.com/lightningnetwork/lnd/lnwallet/channel.go:3328.2,3328.19 1 1
github.com/lightningnetwork/lnd/lnwallet/channel.go:3207.24,3209.3 1 1
github.com/lightningnetwork/lnd/lnwallet/channel.go:3227.51,3231.10 3 1
github.com/lightningnetwork/lnd/lnwallet/channel.go:3319.3,3325.6 2 1
github.com/lightningnetwork/lnd/lnwallet/channel.go:3236.66,3239.37 2 1
github.com/lightningnetwork/lnd/lnwallet/channel.go:3271.4,3271.26 1 1
github.com/lightningnetwork/lnd/lnwallet/channel.go:3276.66,3279.37 2 1
github.com/lightningnetwork/lnd/lnwallet/channel.go:3313.4,3313.26 1 1
github.com/lightningnetwork/lnd/lnwallet/channel.go:3315.11,3316.12 1 1
github.com/lightningnetwork/lnd/lnwallet/channel.go:3239.37,3251.19 5 1
github.com/lightningnetwork/lnd/lnwallet/channel.go:3255.5,3261.19 3 1
github.com/lightningnetwork/lnd/lnwallet/channel.go:3265.5,3265.24 1 1
github.com/lightningnetwork/lnd/lnwallet/channel.go:3251.19,3253.6 1 0
github.com/lightningnetwork/lnd/lnwallet/channel.go:3261.19,3263.6 1 0
github.com/lightningnetwork/lnd/lnwallet/channel.go:3279.37,3293.19 5 1
github.com/lightningnetwork/lnd/lnwallet/channel.go:3297.5,3303.19 3 1
github.com/lightningnetwork/lnd/lnwallet/channel.go:3307.5,3307.24 1 1
github.com/lightningnetwork/lnd/lnwallet/channel.go:3293.19,3295.6 1 0
github.com/lightningnetwork/lnd/lnwallet/channel.go:3303.19,3305.6 1 0
github.com/lightningnetwork/lnd/lnwallet/channel.go:3340.37,3354.16 6 1
github.com/lightningnetwork/lnd/lnwallet/channel.go:3362.2,3364.16 3 1
github.com/lightningnetwork/lnd/lnwallet/channel.go:3367.2,3379.16 4 1
github.com/lightningnetwork/lnd/lnwallet/channel.go:3383.2,3389.31 2 1
github.com/lightningnetwork/lnd/lnwallet/channel.go:3396.2,3402.16 5 1
github.com/lightningnetwork/lnd/lnwallet/channel.go:3411.2,3424.44 5 1
github.com/lightningnetwork/lnd/lnwallet/channel.go:3431.2,3431.39 1 1
github.com/lightningnetwork/lnd/lnwallet/channel.go:3442.2,3450.34 3 1
github.com/lightningnetwork/lnd/lnwallet/channel.go:3455.2,3455.12 1 1
github.com/lightningnetwork/lnd/lnwallet/channel.go:3354.16,3356.3 1 0
github.com/lightningnetwork/lnd/lnwallet/channel.go:3364.16,3366.3 1 0
github.com/lightningnetwork/lnd/lnwallet/channel.go:3379.16,3381.3 1 0
github.com/lightningnetwork/lnd/lnwallet/channel.go:3389.31,3391.4 1 0
github.com/lightningnetwork/lnd/lnwallet/channel.go:3402.16,3406.3 1 0
github.com/lightningnetwork/lnd/lnwallet/channel.go:3424.44,3427.3 2 1
github.com/lightningnetwork/lnd/lnwallet/channel.go:3431.39,3434.39 1 1
github.com/lightningnetwork/lnd/lnwallet/channel.go:3434.39,3437.4 2 0
github.com/lightningnetwork/lnd/lnwallet/channel.go:3450.34,3453.3 2 1
github.com/lightningnetwork/lnd/lnwallet/channel.go:3462.48,3478.2 8 0
github.com/lightningnetwork/lnd/lnwallet/channel.go:3485.85,3490.16 4 1
github.com/lightningnetwork/lnd/lnwallet/channel.go:3494.2,3507.16 7 1
github.com/lightningnetwork/lnd/lnwallet/channel.go:3511.2,3520.27 3 1
github.com/lightningnetwork/lnd/lnwallet/channel.go:3490.16,3492.3 1 0
github.com/lightningnetwork/lnd/lnwallet/channel.go:3507.16,3509.3 1 0
github.com/lightningnetwork/lnd/lnwallet/channel.go:3530.106,3537.16 5 1
github.com/lightningnetwork/lnd/lnwallet/channel.go:3540.2,3540.55 1 1
github.com/lightningnetwork/lnd/lnwallet/channel.go:3547.2,3549.53 3 1
github.com/lightningnetwork/lnd/lnwallet/channel.go:3558.2,3573.65 4 1
github.com/lightningnetwork/lnd/lnwallet/channel.go:3579.2,3588.62 5 1
github.com/lightningnetwork/lnd/lnwallet/channel.go:3621.2,3624.28 2 1
github.com/lightningnetwork/lnd/lnwallet/channel.go:3537.16,3539.3 1 0
github.com/lightningnetwork/lnd/lnwallet/channel.go:3540.55,3542.3 1 0
github.com/lightningnetwork/lnd/lnwallet/channel.go:3549.53,3551.3 1 0
github.com/lightningnetwork/lnd/lnwallet/channel.go:3573.65,3575.3 1 0
github.com/lightningnetwork/lnd/lnwallet/channel.go:3588.62,3591.23 2 1
github.com/lightningnetwork/lnd/lnwallet/channel.go:3597.3,3599.42 2 1
github.com/lightningnetwork/lnd/lnwallet/channel.go:3603.3,3605.48 1 1
github.com/lightningnetwork/lnd/lnwallet/channel.go:3591.23,3592.12 1 1
github.com/lightningnetwork/lnd/lnwallet/channel.go:3599.42,3600.12 1 1
github.com/lightningnetwork/lnd/lnwallet/channel.go:3605.48,3609.4 2 1
github.com/lightningnetwork/lnd/lnwallet/channel.go:3609.4,3611.51 1 1
github.com/lightningnetwork/lnd/lnwallet/channel.go:3611.51,3615.4 2 1
github.com/lightningnetwork/lnd/lnwallet/channel.go:3631.75,3637.16 5 1
github.com/lightningnetwork/lnd/lnwallet/channel.go:3641.2,3641.51 1 1
github.com/lightningnetwork/lnd/lnwallet/channel.go:3637.16,3639.3 1 0
github.com/lightningnetwork/lnd/lnwallet/channel.go:3648.79,3653.2 3 1
github.com/lightningnetwork/lnd/lnwallet/channel.go:3657.81,3662.62 3 1
github.com/lightningnetwork/lnd/lnwallet/channel.go:3666.2,3666.44 1 1
github.com/lightningnetwork/lnd/lnwallet/channel.go:3669.2,3683.26 4 1
github.com/lightningnetwork/lnd/lnwallet/channel.go:3662.62,3664.3 1 0
github.com/lightningnetwork/lnd/lnwallet/channel.go:3666.44,3668.3 1 1
github.com/lightningnetwork/lnd/lnwallet/channel.go:3689.85,3694.62 3 1
github.com/lightningnetwork/lnd/lnwallet/channel.go:3698.2,3712.26 4 1
github.com/lightningnetwork/lnd/lnwallet/channel.go:3694.62,3696.3 1 0
github.com/lightningnetwork/lnd/lnwallet/channel.go:3721.30,3727.9 5 1
github.com/lightningnetwork/lnd/lnwallet/channel.go:3731.2,3745.40 6 1
github.com/lightningnetwork/lnd/lnwallet/channel.go:3749.2,3750.53 2 1
github.com/lightningnetwork/lnd/lnwallet/channel.go:3727.9,3730.3 1 0
github.com/lightningnetwork/lnd/lnwallet/channel.go:3745.40,3747.3 1 1
github.com/lightningnetwork/lnd/lnwallet/channel.go:3757.90,3763.17 5 1
github.com/lightningnetwork/lnd/lnwallet/channel.go:3767.2,3767.49 1 1
github.com/lightningnetwork/lnd/lnwallet/channel.go:3772.2,3782.12 3 1
github.com/lightningnetwork/lnd/lnwallet/channel.go:3763.17,3765.3 1 0
github.com/lightningnetwork/lnd/lnwallet/channel.go:3767.49,3770.3 1 0
github.com/lightningnetwork/lnd/lnwallet/channel.go:3791.85,3796.9 4 1
github.com/lightningnetwork/lnd/lnwallet/channel.go:3799.2,3814.34 6 1
github.com/lightningnetwork/lnd/lnwallet/channel.go:3818.2,3818.32 1 1
github.com/lightningnetwork/lnd/lnwallet/channel.go:3796.9,3798.3 1 0
github.com/lightningnetwork/lnd/lnwallet/channel.go:3814.34,3816.3 1 1
github.com/lightningnetwork/lnd/lnwallet/channel.go:3826.76,3831.9 4 0
github.com/lightningnetwork/lnd/lnwallet/channel.go:3834.2,3850.34 6 0
github.com/lightningnetwork/lnd/lnwallet/channel.go:3854.2,3854.32 1 0
github.com/lightningnetwork/lnd/lnwallet/channel.go:3831.9,3833.3 1 0
github.com/lightningnetwork/lnd/lnwallet/channel.go:3850.34,3852.3 1 0
github.com/lightningnetwork/lnd/lnwallet/channel.go:3863.46,3869.17 4 1
github.com/lightningnetwork/lnd/lnwallet/channel.go:3873.2,3885.25 4 1
github.com/lightningnetwork/lnd/lnwallet/channel.go:3869.17,3871.3 1 0
github.com/lightningnetwork/lnd/lnwallet/channel.go:3891.59,3896.2 3 0
github.com/lightningnetwork/lnd/lnwallet/channel.go:3901.65,3906.2 3 0
github.com/lightningnetwork/lnd/lnwallet/channel.go:3912.54,3922.9 2 1
github.com/lightningnetwork/lnd/lnwallet/channel.go:3951.2,3951.16 1 1
github.com/lightningnetwork/lnd/lnwallet/channel.go:3957.2,3958.16 2 1
github.com/lightningnetwork/lnd/lnwallet/channel.go:3962.2,3962.38 1 1
github.com/lightningnetwork/lnd/lnwallet/channel.go:3926.31,3928.54 1 1
github.com/lightningnetwork/lnd/lnwallet/channel.go:3933.32,3935.54 1 1
github.com/lightningnetwork/lnd/lnwallet/channel.go:3940.32,3942.55 1 1
github.com/lightningnetwork/lnd/lnwallet/channel.go:3947.33,3949.55 1 1
github.com/lightningnetwork/lnd/lnwallet/channel.go:3951.16,3953.3 1 0
github.com/lightningnetwork/lnd/lnwallet/channel.go:3958.16,3960.3 1 0
github.com/lightningnetwork/lnd/lnwallet/channel.go:3974.36,3981.16 4 1
github.com/lightningnetwork/lnd/lnwallet/channel.go:3986.2,3991.15 3 1
github.com/lightningnetwork/lnd/lnwallet/channel.go:3999.2,3999.12 1 1
github.com/lightningnetwork/lnd/lnwallet/channel.go:3981.16,3983.3 1 0
github.com/lightningnetwork/lnd/lnwallet/channel.go:3991.15,3994.3 2 1
github.com/lightningnetwork/lnd/lnwallet/channel.go:3994.3,3997.3 2 1
github.com/lightningnetwork/lnd/lnwallet/channel.go:4004.70,4015.16 6 1
github.com/lightningnetwork/lnd/lnwallet/channel.go:4019.2,4031.22 5 1
github.com/lightningnetwork/lnd/lnwallet/channel.go:4015.16,4017.3 1 0
github.com/lightningnetwork/lnd/lnwallet/channel.go:4100.36,4119.16 5 1
github.com/lightningnetwork/lnd/lnwallet/channel.go:4126.2,4128.16 2 1
github.com/lightningnetwork/lnd/lnwallet/channel.go:4131.2,4147.16 3 1
github.com/lightningnetwork/lnd/lnwallet/channel.go:4150.2,4158.16 3 1
github.com/lightningnetwork/lnd/lnwallet/channel.go:4161.2,4162.16 2 1
github.com/lightningnetwork/lnd/lnwallet/channel.go:4167.2,4182.8 2 1
github.com/lightningnetwork/lnd/lnwallet/channel.go:4119.16,4121.3 1 0
github.com/lightningnetwork/lnd/lnwallet/channel.go:4128.16,4130.3 1 0
github.com/lightningnetwork/lnd/lnwallet/channel.go:4147.16,4149.3 1 0
github.com/lightningnetwork/lnd/lnwallet/channel.go:4158.16,4160.3 1 0
github.com/lightningnetwork/lnd/lnwallet/channel.go:4162.16,4164.3 1 0
github.com/lightningnetwork/lnd/lnwallet/channel.go:4191.63,4195.15 3 1
github.com/lightningnetwork/lnd/lnwallet/channel.go:4200.2,4201.29 2 1
github.com/lightningnetwork/lnd/lnwallet/channel.go:4229.2,4229.29 1 1
github.com/lightningnetwork/lnd/lnwallet/channel.go:4195.15,4198.3 2 1
github.com/lightningnetwork/lnd/lnwallet/channel.go:4201.29,4205.20 1 1
github.com/lightningnetwork/lnd/lnwallet/channel.go:4212.3,4213.38 1 1
github.com/lightningnetwork/lnd/lnwallet/channel.go:4217.3,4221.17 2 1
github.com/lightningnetwork/lnd/lnwallet/channel.go:4226.3,4226.50 1 1
github.com/lightningnetwork/lnd/lnwallet/channel.go:4205.20,4206.12 1 1
github.com/lightningnetwork/lnd/lnwallet/channel.go:4213.38,4214.12 1 0
github.com/lightningnetwork/lnd/lnwallet/channel.go:4221.17,4223.4 1 0
github.com/lightningnetwork/lnd/lnwallet/channel.go:4278.70,4287.16 5 1
github.com/lightningnetwork/lnd/lnwallet/channel.go:4295.2,4299.16 3 1
github.com/lightningnetwork/lnd/lnwallet/channel.go:4302.2,4307.16 4 1
github.com/lightningnetwork/lnd/lnwallet/channel.go:4310.2,4311.16 2 1
github.com/lightningnetwork/lnd/lnwallet/channel.go:4318.2,4323.39 2 1
github.com/lightningnetwork/lnd/lnwallet/channel.go:4333.2,4341.27 2 1
github.com/lightningnetwork/lnd/lnwallet/channel.go:4360.2,4364.16 3 1
github.com/lightningnetwork/lnd/lnwallet/channel.go:4372.2,4384.8 2 1
github.com/lightningnetwork/lnd/lnwallet/channel.go:4287.16,4289.3 1 0
github.com/lightningnetwork/lnd/lnwallet/channel.go:4299.16,4301.3 1 0
github.com/lightningnetwork/lnd/lnwallet/channel.go:4307.16,4309.3 1 0
github.com/lightningnetwork/lnd/lnwallet/channel.go:4311.16,4313.3 1 0
github.com/lightningnetwork/lnd/lnwallet/channel.go:4323.39,4324.54 1 1
github.com/lightningnetwork/lnd/lnwallet/channel.go:4328.3,4330.8 3 1
github.com/lightningnetwork/lnd/lnwallet/channel.go:4324.54,4325.12 1 1
github.com/lightningnetwork/lnd/lnwallet/channel.go:4341.27,4355.3 3 1
github.com/lightningnetwork/lnd/lnwallet/channel.go:4364.16,4366.3 1 0
github.com/lightningnetwork/lnd/lnwallet/channel.go:4398.76,4404.32 3 1
github.com/lightningnetwork/lnd/lnwallet/channel.go:4412.2,4416.33 4 1
github.com/lightningnetwork/lnd/lnwallet/channel.go:4422.2,4431.62 3 1
github.com/lightningnetwork/lnd/lnwallet/channel.go:4439.2,4441.16 3 1
github.com/lightningnetwork/lnd/lnwallet/channel.go:4447.2,4449.30 2 1
github.com/lightningnetwork/lnd/lnwallet/channel.go:4404.32,4407.3 1 0
github.com/lightningnetwork/lnd/lnwallet/channel.go:4416.33,4418.3 1 1
github.com/lightningnetwork/lnd/lnwallet/channel.go:4418.3,4420.3 1 1
github.com/lightningnetwork/lnd/lnwallet/channel.go:4431.62,4433.3 1 0
github.com/lightningnetwork/lnd/lnwallet/channel.go:4441.16,4443.3 1 0
github.com/lightningnetwork/lnd/lnwallet/channel.go:4460.43,4466.32 3 1
github.com/lightningnetwork/lnd/lnwallet/channel.go:4474.2,4478.33 4 1
github.com/lightningnetwork/lnd/lnwallet/channel.go:4487.2,4496.62 3 1
github.com/lightningnetwork/lnd/lnwallet/channel.go:4499.2,4514.16 7 1
github.com/lightningnetwork/lnd/lnwallet/channel.go:4517.2,4517.37 1 1
github.com/lightningnetwork/lnd/lnwallet/channel.go:4524.2,4526.21 2 1
github.com/lightningnetwork/lnd/lnwallet/channel.go:4466.32,4469.3 1 0
github.com/lightningnetwork/lnd/lnwallet/channel.go:4478.33,4480.3 1 1
github.com/lightningnetwork/lnd/lnwallet/channel.go:4480.3,4482.3 1 1
github.com/lightningnetwork/lnd/lnwallet/channel.go:4496.62,4498.3 1 0
github.com/lightningnetwork/lnd/lnwallet/channel.go:4514.16,4516.3 1 0
github.com/lightningnetwork/lnd/lnwallet/channel.go:4517.37,4519.3 1 0
github.com/lightningnetwork/lnd/lnwallet/channel.go:4532.81,4534.2 1 0
github.com/lightningnetwork/lnd/lnwallet/channel.go:4538.72,4543.2 3 1
github.com/lightningnetwork/lnd/lnwallet/channel.go:4548.70,4554.34 3 1
github.com/lightningnetwork/lnd/lnwallet/channel.go:4558.2,4560.12 2 1
github.com/lightningnetwork/lnd/lnwallet/channel.go:4554.34,4556.3 1 1
github.com/lightningnetwork/lnd/lnwallet/channel.go:4565.77,4571.33 3 1
github.com/lightningnetwork/lnd/lnwallet/channel.go:4577.2,4579.12 2 1
github.com/lightningnetwork/lnd/lnwallet/channel.go:4571.33,4573.3 1 1
github.com/lightningnetwork/lnd/lnwallet/channel.go:4585.9,4591.16 3 1
github.com/lightningnetwork/lnd/lnwallet/channel.go:4594.2,4612.16 3 1
github.com/lightningnetwork/lnd/lnwallet/channel.go:4616.2,4620.27 3 1
github.com/lightningnetwork/lnd/lnwallet/channel.go:4591.16,4593.3 1 0
github.com/lightningnetwork/lnd/lnwallet/channel.go:4612.16,4614.3 1 0
github.com/lightningnetwork/lnd/lnwallet/channel.go:4630.77,4639.16 2 1
github.com/lightningnetwork/lnd/lnwallet/channel.go:4642.2,4643.16 2 1
github.com/lightningnetwork/lnd/lnwallet/channel.go:4649.2,4650.16 2 1
github.com/lightningnetwork/lnd/lnwallet/channel.go:4657.2,4661.31 3 1
github.com/lightningnetwork/lnd/lnwallet/channel.go:4667.2,4667.31 1 1
github.com/lightningnetwork/lnd/lnwallet/channel.go:4674.2,4674.22 1 1
github.com/lightningnetwork/lnd/lnwallet/channel.go:4639.16,4641.3 1 0
github.com/lightningnetwork/lnd/lnwallet/channel.go:4643.16,4645.3 1 0
github.com/lightningnetwork/lnd/lnwallet/channel.go:4650.16,4652.3 1 0
github.com/lightningnetwork/lnd/lnwallet/channel.go:4661.31,4666.3 1 1
github.com/lightningnetwork/lnd/lnwallet/channel.go:4667.31,4672.3 1 1
github.com/lightningnetwork/lnd/lnwallet/channel.go:4686.30,4697.29 3 1
github.com/lightningnetwork/lnd/lnwallet/channel.go:4703.2,4703.32 1 1
github.com/lightningnetwork/lnd/lnwallet/channel.go:4710.2,4712.16 2 1
github.com/lightningnetwork/lnd/lnwallet/channel.go:4697.29,4702.3 1 1
github.com/lightningnetwork/lnd/lnwallet/channel.go:4703.32,4708.3 1 1
github.com/lightningnetwork/lnd/lnwallet/channel.go:4717.60,4719.2 1 1
github.com/lightningnetwork/lnd/lnwallet/channel.go:4722.69,4727.2 3 0
github.com/lightningnetwork/lnd/lnwallet/interface.go:316.42,321.33 4 1
github.com/lightningnetwork/lnd/lnwallet/interface.go:325.2,325.26 1 1
github.com/lightningnetwork/lnd/lnwallet/interface.go:321.33,323.3 1 1
github.com/lightningnetwork/lnd/lnwallet/interface.go:333.49,337.45 3 1
github.com/lightningnetwork/lnd/lnwallet/interface.go:341.2,343.12 2 1
github.com/lightningnetwork/lnd/lnwallet/interface.go:337.45,339.3 1 0
github.com/lightningnetwork/lnd/lnwallet/interface.go:350.34,355.34 4 0
github.com/lightningnetwork/lnd/lnwallet/interface.go:359.2,359.25 1 0
github.com/lightningnetwork/lnd/lnwallet/interface.go:355.34,357.3 1 0
github.com/lightningnetwork/lnd/lnwallet/witnessgen.go:47.47,50.37 1 0
github.com/lightningnetwork/lnd/lnwallet/witnessgen.go:50.37,56.13 4 0
github.com/lightningnetwork/lnd/lnwallet/witnessgen.go:57.27,58.47 1 0
github.com/lightningnetwork/lnd/lnwallet/witnessgen.go:59.26,60.47 1 0
github.com/lightningnetwork/lnd/lnwallet/witnessgen.go:61.25,62.46 1 0
github.com/lightningnetwork/lnd/lnwallet/witnessgen.go:63.26,64.52 1 0
github.com/lightningnetwork/lnd/lnwallet/witnessgen.go:65.27,66.50 1 0
github.com/lightningnetwork/lnd/lnwallet/witnessgen.go:67.11,68.58 1 0
github.com/lightningnetwork/lnd/lnwallet/txout.go:11.53,15.47 3 1
github.com/lightningnetwork/lnd/lnwallet/txout.go:19.2,19.63 1 1
github.com/lightningnetwork/lnd/lnwallet/txout.go:23.2,23.12 1 1
github.com/lightningnetwork/lnd/lnwallet/txout.go:15.47,17.3 1 0
github.com/lightningnetwork/lnd/lnwallet/txout.go:19.63,21.3 1 0
github.com/lightningnetwork/lnd/lnwallet/txout.go:27.52,30.54 2 1
github.com/lightningnetwork/lnd/lnwallet/txout.go:33.2,36.16 3 1
github.com/lightningnetwork/lnd/lnwallet/txout.go:40.2,45.12 2 1
github.com/lightningnetwork/lnd/lnwallet/txout.go:30.54,32.3 1 0
github.com/lightningnetwork/lnd/lnwallet/txout.go:36.16,38.3 1 0
github.com/lightningnetwork/lnd/lnwallet/wallet.go:62.47,66.2 1 0
github.com/lightningnetwork/lnd/lnwallet/wallet.go:292.63,303.2 1 1
github.com/lightningnetwork/lnd/lnwallet/wallet.go:307.43,309.41 1 1
github.com/lightningnetwork/lnd/lnwallet/wallet.go:314.2,314.34 1 1
github.com/lightningnetwork/lnd/lnwallet/wallet.go:320.2,321.16 2 1
github.com/lightningnetwork/lnd/lnwallet/wallet.go:326.2,328.16 3 1
github.com/lightningnetwork/lnd/lnwallet/wallet.go:332.2,336.12 3 1
github.com/lightningnetwork/lnd/lnwallet/wallet.go:309.41,311.3 1 0
github.com/lightningnetwork/lnd/lnwallet/wallet.go:314.34,316.3 1 0
github.com/lightningnetwork/lnd/lnwallet/wallet.go:321.16,323.3 1 0
github.com/lightningnetwork/lnd/lnwallet/wallet.go:328.16,330.3 1 0
github.com/lightningnetwork/lnd/lnwallet/wallet.go:340.44,341.42 1 1
github.com/lightningnetwork/lnd/lnwallet/wallet.go:347.2,347.33 1 1
github.com/lightningnetwork/lnd/lnwallet/wallet.go:351.2,353.12 3 1
github.com/lightningnetwork/lnd/lnwallet/wallet.go:341.42,343.3 1 0
github.com/lightningnetwork/lnd/lnwallet/wallet.go:347.33,349.3 1 0
github.com/lightningnetwork/lnd/lnwallet/wallet.go:357.62,359.42 2 1
github.com/lightningnetwork/lnd/lnwallet/wallet.go:363.2,363.18 1 1
github.com/lightningnetwork/lnd/lnwallet/wallet.go:359.42,361.3 1 0
github.com/lightningnetwork/lnd/lnwallet/wallet.go:368.47,372.42 3 1
github.com/lightningnetwork/lnd/lnwallet/wallet.go:375.2,375.54 1 1
github.com/lightningnetwork/lnd/lnwallet/wallet.go:372.42,374.3 1 1
github.com/lightningnetwork/lnd/lnwallet/wallet.go:380.70,382.45 2 1
github.com/lightningnetwork/lnd/lnwallet/wallet.go:386.2,386.21 1 1
github.com/lightningnetwork/lnd/lnwallet/wallet.go:382.45,384.3 1 0
github.com/lightningnetwork/lnd/lnwallet/wallet.go:391.71,393.16 2 0
github.com/lightningnetwork/lnd/lnwallet/wallet.go:397.2,397.32 1 0
github.com/lightningnetwork/lnd/lnwallet/wallet.go:393.16,395.3 1 0
github.com/lightningnetwork/lnd/lnwallet/wallet.go:402.44,404.6 1 1
github.com/lightningnetwork/lnd/lnwallet/wallet.go:427.2,427.13 1 1
github.com/lightningnetwork/lnd/lnwallet/wallet.go:404.6,405.10 1 1
github.com/lightningnetwork/lnd/lnwallet/wallet.go:406.25,407.27 1 1
github.com/lightningnetwork/lnd/lnwallet/wallet.go:421.17,423.13 1 1
github.com/lightningnetwork/lnd/lnwallet/wallet.go:408.32,409.39 1 1
github.com/lightningnetwork/lnd/lnwallet/wallet.go:410.34,411.38 1 1
github.com/lightningnetwork/lnd/lnwallet/wallet.go:412.35,413.36 1 1
github.com/lightningnetwork/lnd/lnwallet/wallet.go:414.29,415.33 1 1
github.com/lightningnetwork/lnd/lnwallet/wallet.go:416.33,417.34 1 1
github.com/lightningnetwork/lnd/lnwallet/wallet.go:418.33,419.41 1 1
github.com/lightningnetwork/lnd/lnwallet/wallet.go:451.58,469.2 4 1
github.com/lightningnetwork/lnd/lnwallet/wallet.go:473.83,475.41 1 1
github.com/lightningnetwork/lnd/lnwallet/wallet.go:484.2,484.68 1 1
github.com/lightningnetwork/lnd/lnwallet/wallet.go:492.2,506.28 7 1
github.com/lightningnetwork/lnd/lnwallet/wallet.go:526.2,528.16 3 1
github.com/lightningnetwork/lnd/lnwallet/wallet.go:533.2,534.16 2 1
github.com/lightningnetwork/lnd/lnwallet/wallet.go:539.2,540.16 2 1
github.com/lightningnetwork/lnd/lnwallet/wallet.go:545.2,546.16 2 1
github.com/lightningnetwork/lnd/lnwallet/wallet.go:559.2,560.16 2 1
github.com/lightningnetwork/lnd/lnwallet/wallet.go:565.2,566.16 2 1
github.com/lightningnetwork/lnd/lnwallet/wallet.go:571.2,578.16 4 1
github.com/lightningnetwork/lnd/lnwallet/wallet.go:583.2,602.16 8 1
github.com/lightningnetwork/lnd/lnwallet/wallet.go:475.41,480.3 3 0
github.com/lightningnetwork/lnd/lnwallet/wallet.go:484.68,490.3 3 0
github.com/lightningnetwork/lnd/lnwallet/wallet.go:506.28,515.17 3 1
github.com/lightningnetwork/lnd/lnwallet/wallet.go:515.17,519.4 3 1
github.com/lightningnetwork/lnd/lnwallet/wallet.go:528.16,532.3 3 0
github.com/lightningnetwork/lnd/lnwallet/wallet.go:534.16,538.3 3 0
github.com/lightningnetwork/lnd/lnwallet/wallet.go:540.16,544.3 3 0
github.com/lightningnetwork/lnd/lnwallet/wallet.go:546.16,550.3 3 0
github.com/lightningnetwork/lnd/lnwallet/wallet.go:560.16,564.3 3 0
github.com/lightningnetwork/lnd/lnwallet/wallet.go:566.16,570.3 3 0
github.com/lightningnetwork/lnd/lnwallet/wallet.go:578.16,582.3 3 0
github.com/lightningnetwork/lnd/lnwallet/wallet.go:609.84,615.9 4 1
github.com/lightningnetwork/lnd/lnwallet/wallet.go:622.2,627.72 3 1
github.com/lightningnetwork/lnd/lnwallet/wallet.go:637.2,639.16 2 1
github.com/lightningnetwork/lnd/lnwallet/wallet.go:615.9,619.3 2 1
github.com/lightningnetwork/lnd/lnwallet/wallet.go:627.72,630.3 2 1
github.com/lightningnetwork/lnd/lnwallet/wallet.go:650.60,660.16 4 1
github.com/lightningnetwork/lnd/lnwallet/wallet.go:664.2,665.64 2 1
github.com/lightningnetwork/lnd/lnwallet/wallet.go:669.2,672.16 2 1
github.com/lightningnetwork/lnd/lnwallet/wallet.go:676.2,677.64 2 1
github.com/lightningnetwork/lnd/lnwallet/wallet.go:681.2,681.40 1 1
github.com/lightningnetwork/lnd/lnwallet/wallet.go:660.16,662.3 1 0
github.com/lightningnetwork/lnd/lnwallet/wallet.go:665.64,667.3 1 0
github.com/lightningnetwork/lnd/lnwallet/wallet.go:672.16,674.3 1 0
github.com/lightningnetwork/lnd/lnwallet/wallet.go:677.64,679.3 1 0
github.com/lightningnetwork/lnd/lnwallet/wallet.go:689.74,694.9 4 1
github.com/lightningnetwork/lnd/lnwallet/wallet.go:700.2,714.50 8 1
github.com/lightningnetwork/lnd/lnwallet/wallet.go:717.2,717.54 1 1
github.com/lightningnetwork/lnd/lnwallet/wallet.go:720.2,720.64 1 1
github.com/lightningnetwork/lnd/lnwallet/wallet.go:723.2,723.68 1 1
github.com/lightningnetwork/lnd/lnwallet/wallet.go:727.2,735.16 5 1
github.com/lightningnetwork/lnd/lnwallet/wallet.go:743.2,754.38 5 1
github.com/lightningnetwork/lnd/lnwallet/wallet.go:784.2,819.16 13 1
github.com/lightningnetwork/lnd/lnwallet/wallet.go:827.2,828.50 2 1
github.com/lightningnetwork/lnd/lnwallet/wallet.go:849.2,850.16 2 1
github.com/lightningnetwork/lnd/lnwallet/wallet.go:858.2,877.16 8 1
github.com/lightningnetwork/lnd/lnwallet/wallet.go:881.2,883.16 2 1
github.com/lightningnetwork/lnd/lnwallet/wallet.go:694.9,697.3 2 0
github.com/lightningnetwork/lnd/lnwallet/wallet.go:714.50,716.3 1 1
github.com/lightningnetwork/lnd/lnwallet/wallet.go:717.54,719.3 1 1
github.com/lightningnetwork/lnd/lnwallet/wallet.go:720.64,722.3 1 1
github.com/lightningnetwork/lnd/lnwallet/wallet.go:723.68,725.3 1 1
github.com/lightningnetwork/lnd/lnwallet/wallet.go:735.16,738.3 2 0
github.com/lightningnetwork/lnd/lnwallet/wallet.go:754.38,756.24 2 1
github.com/lightningnetwork/lnd/lnwallet/wallet.go:763.3,768.17 4 1
github.com/lightningnetwork/lnd/lnwallet/wallet.go:773.3,778.4 3 1
github.com/lightningnetwork/lnd/lnwallet/wallet.go:756.24,757.12 1 1
github.com/lightningnetwork/lnd/lnwallet/wallet.go:758.4,758.24 1 1
github.com/lightningnetwork/lnd/lnwallet/wallet.go:758.24,761.4 2 0
github.com/lightningnetwork/lnd/lnwallet/wallet.go:768.17,771.4 2 0
github.com/lightningnetwork/lnd/lnwallet/wallet.go:819.16,822.3 2 0
github.com/lightningnetwork/lnd/lnwallet/wallet.go:828.50,833.3 1 1
github.com/lightningnetwork/lnd/lnwallet/wallet.go:833.3,836.42 3 1
github.com/lightningnetwork/lnd/lnwallet/wallet.go:837.11,841.5 1 1
github.com/lightningnetwork/lnd/lnwallet/wallet.go:842.11,846.5 1 1
github.com/lightningnetwork/lnd/lnwallet/wallet.go:850.16,853.3 2 0
github.com/lightningnetwork/lnd/lnwallet/wallet.go:877.16,880.3 2 0
github.com/lightningnetwork/lnd/lnwallet/wallet.go:890.83,894.9 4 1
github.com/lightningnetwork/lnd/lnwallet/wallet.go:900.2,924.8 10 1
github.com/lightningnetwork/lnd/lnwallet/wallet.go:894.9,897.3 2 0
github.com/lightningnetwork/lnd/lnwallet/wallet.go:945.86,949.9 4 1
github.com/lightningnetwork/lnd/lnwallet/wallet.go:955.2,965.38 8 1
github.com/lightningnetwork/lnd/lnwallet/wallet.go:1005.2,1015.16 6 1
github.com/lightningnetwork/lnd/lnwallet/wallet.go:1023.2,1027.16 4 1
github.com/lightningnetwork/lnd/lnwallet/wallet.go:1035.2,1037.16 3 1
github.com/lightningnetwork/lnd/lnwallet/wallet.go:1046.2,1059.16 6 1
github.com/lightningnetwork/lnd/lnwallet/wallet.go:1068.2,1077.16 5 1
github.com/lightningnetwork/lnd/lnwallet/wallet.go:1083.2,1087.56 2 1
github.com/lightningnetwork/lnd/lnwallet/wallet.go:1096.2,1097.16 2 1
github.com/lightningnetwork/lnd/lnwallet/wallet.go:949.9,952.3 2 0
github.com/lightningnetwork/lnd/lnwallet/wallet.go:965.38,966.55 1 1
github.com/lightningnetwork/lnd/lnwallet/wallet.go:966.55,975.21 4 0
github.com/lightningnetwork/lnd/lnwallet/wallet.go:983.4,986.18 2 0
github.com/lightningnetwork/lnd/lnwallet/wallet.go:992.4,992.38 1 0
github.com/lightningnetwork/lnd/lnwallet/wallet.go:999.4,999.14 1 0
github.com/lightningnetwork/lnd/lnwallet/wallet.go:975.21,980.5 3 0
github.com/lightningnetwork/lnd/lnwallet/wallet.go:986.18,991.5 3 0
github.com/lightningnetwork/lnd/lnwallet/wallet.go:992.38,997.5 3 0
github.com/lightningnetwork/lnd/lnwallet/wallet.go:1015.16,1019.3 3 0
github.com/lightningnetwork/lnd/lnwallet/wallet.go:1027.16,1031.3 3 0
github.com/lightningnetwork/lnd/lnwallet/wallet.go:1037.16,1041.3 3 0
github.com/lightningnetwork/lnd/lnwallet/wallet.go:1041.3,1041.43 1 1
github.com/lightningnetwork/lnd/lnwallet/wallet.go:1041.43,1045.3 3 0
github.com/lightningnetwork/lnd/lnwallet/wallet.go:1059.16,1063.3 3 0
github.com/lightningnetwork/lnd/lnwallet/wallet.go:1077.16,1081.3 3 0
github.com/lightningnetwork/lnd/lnwallet/wallet.go:1087.56,1089.53 1 1
github.com/lightningnetwork/lnd/lnwallet/wallet.go:1089.53,1093.4 3 0
github.com/lightningnetwork/lnd/lnwallet/wallet.go:1105.79,1109.9 4 1
github.com/lightningnetwork/lnd/lnwallet/wallet.go:1116.2,1144.16 11 1
github.com/lightningnetwork/lnd/lnwallet/wallet.go:1153.2,1164.16 10 1
github.com/lightningnetwork/lnd/lnwallet/wallet.go:1170.2,1172.16 2 1
github.com/lightningnetwork/lnd/lnwallet/wallet.go:1180.2,1181.16 2 1
github.com/lightningnetwork/lnd/lnwallet/wallet.go:1190.2,1196.16 3 1
github.com/lightningnetwork/lnd/lnwallet/wallet.go:1201.2,1213.16 3 1
github.com/lightningnetwork/lnd/lnwallet/wallet.go:1218.2,1221.16 3 1
github.com/lightningnetwork/lnd/lnwallet/wallet.go:1229.2,1232.16 4 1
github.com/lightningnetwork/lnd/lnwallet/wallet.go:1238.2,1243.21 5 1
github.com/lightningnetwork/lnd/lnwallet/wallet.go:1109.9,1113.3 3 0
github.com/lightningnetwork/lnd/lnwallet/wallet.go:1144.16,1148.3 3 0
github.com/lightningnetwork/lnd/lnwallet/wallet.go:1164.16,1168.3 3 0
github.com/lightningnetwork/lnd/lnwallet/wallet.go:1172.16,1176.3 3 0
github.com/lightningnetwork/lnd/lnwallet/wallet.go:1181.16,1185.3 3 0
github.com/lightningnetwork/lnd/lnwallet/wallet.go:1185.3,1185.43 1 1
github.com/lightningnetwork/lnd/lnwallet/wallet.go:1185.43,1189.3 3 0
github.com/lightningnetwork/lnd/lnwallet/wallet.go:1196.16,1200.3 3 0
github.com/lightningnetwork/lnd/lnwallet/wallet.go:1213.16,1217.3 3 0
github.com/lightningnetwork/lnd/lnwallet/wallet.go:1221.16,1225.3 3 0
github.com/lightningnetwork/lnd/lnwallet/wallet.go:1232.16,1236.3 3 0
github.com/lightningnetwork/lnd/lnwallet/wallet.go:1253.63,1268.16 5 1
github.com/lightningnetwork/lnd/lnwallet/wallet.go:1275.2,1276.16 2 1
github.com/lightningnetwork/lnd/lnwallet/wallet.go:1283.2,1284.37 2 1
github.com/lightningnetwork/lnd/lnwallet/wallet.go:1296.2,1296.20 1 1
github.com/lightningnetwork/lnd/lnwallet/wallet.go:1313.2,1313.12 1 1
github.com/lightningnetwork/lnd/lnwallet/wallet.go:1268.16,1270.3 1 0
github.com/lightningnetwork/lnd/lnwallet/wallet.go:1276.16,1278.3 1 1
github.com/lightningnetwork/lnd/lnwallet/wallet.go:1284.37,1292.3 4 1
github.com/lightningnetwork/lnd/lnwallet/wallet.go:1296.20,1298.17 2 1
github.com/lightningnetwork/lnd/lnwallet/wallet.go:1301.3,1302.17 2 1
github.com/lightningnetwork/lnd/lnwallet/wallet.go:1306.3,1310.4 2 1
github.com/lightningnetwork/lnd/lnwallet/wallet.go:1298.17,1300.4 1 0
github.com/lightningnetwork/lnd/lnwallet/wallet.go:1302.17,1304.4 1 0
github.com/lightningnetwork/lnd/lnwallet/wallet.go:1319.83,1321.16 2 1
github.com/lightningnetwork/lnd/lnwallet/wallet.go:1325.2,1325.37 1 1
github.com/lightningnetwork/lnd/lnwallet/wallet.go:1321.16,1323.3 1 0
github.com/lightningnetwork/lnd/lnwallet/wallet.go:1336.81,1347.2 7 1
github.com/lightningnetwork/lnd/lnwallet/wallet.go:1352.40,1354.64 1 1
github.com/lightningnetwork/lnd/lnwallet/wallet.go:1357.2,1357.64 1 1
github.com/lightningnetwork/lnd/lnwallet/wallet.go:1361.2,1361.12 1 1
github.com/lightningnetwork/lnd/lnwallet/wallet.go:1354.64,1356.3 1 0
github.com/lightningnetwork/lnd/lnwallet/wallet.go:1357.64,1359.3 1 0
github.com/lightningnetwork/lnd/lnwallet/wallet.go:1369.87,1371.29 2 1
github.com/lightningnetwork/lnd/lnwallet/wallet.go:1377.2,1377.56 1 1
github.com/lightningnetwork/lnd/lnwallet/wallet.go:1371.29,1373.25 2 1
github.com/lightningnetwork/lnd/lnwallet/wallet.go:1373.25,1375.4 1 1
github.com/lightningnetwork/lnd/lnwallet/wallet.go:1385.50,1388.6 2 1
github.com/lightningnetwork/lnd/lnwallet/wallet.go:1388.6,1392.17 2 1
github.com/lightningnetwork/lnd/lnwallet/wallet.go:1396.3,1398.38 2 1
github.com/lightningnetwork/lnd/lnwallet/wallet.go:1413.3,1430.33 5 1
github.com/lightningnetwork/lnd/lnwallet/wallet.go:1437.3,1439.39 2 1
github.com/lightningnetwork/lnd/lnwallet/wallet.go:1392.17,1394.4 1 1
github.com/lightningnetwork/lnd/lnwallet/wallet.go:1398.38,1399.28 1 1
github.com/lightningnetwork/lnd/lnwallet/wallet.go:1400.23,1401.35 1 1
github.com/lightningnetwork/lnd/lnwallet/wallet.go:1402.29,1403.41 1 0
github.com/lightningnetwork/lnd/lnwallet/wallet.go:1404.20,1405.35 1 0
github.com/lightningnetwork/lnd/lnwallet/wallet.go:1406.12,1408.23 1 0
github.com/lightningnetwork/lnd/lnwallet/wallet.go:1430.33,1432.12 2 1
github.com/lightningnetwork/lnd/lnwallet/wallet.go:1452.73,1454.2 1 1
github.com/lightningnetwork/lnd/lnwallet/wallet.go:1457.75,1459.2 1 1
github.com/lightningnetwork/lnd/lnwallet/wallet.go:1464.75,1466.2 1 0
github.com/lightningnetwork/lnd/lnwallet/signdescriptor.go:84.65,86.67 2 1
github.com/lightningnetwork/lnd/lnwallet/signdescriptor.go:90.2,90.65 1 1
github.com/lightningnetwork/lnd/lnwallet/signdescriptor.go:94.2,95.27 2 1
github.com/lightningnetwork/lnd/lnwallet/signdescriptor.go:98.2,98.67 1 1
github.com/lightningnetwork/lnd/lnwallet/signdescriptor.go:102.2,102.67 1 1
github.com/lightningnetwork/lnd/lnwallet/signdescriptor.go:106.2,106.49 1 1
github.com/lightningnetwork/lnd/lnwallet/signdescriptor.go:110.2,112.47 3 1
github.com/lightningnetwork/lnd/lnwallet/signdescriptor.go:116.2,116.12 1 1
github.com/lightningnetwork/lnd/lnwallet/signdescriptor.go:86.67,88.3 1 0
github.com/lightningnetwork/lnd/lnwallet/signdescriptor.go:90.65,92.3 1 0
github.com/lightningnetwork/lnd/lnwallet/signdescriptor.go:95.27,97.3 1 0
github.com/lightningnetwork/lnd/lnwallet/signdescriptor.go:98.67,100.3 1 0
github.com/lightningnetwork/lnd/lnwallet/signdescriptor.go:102.67,104.3 1 0
github.com/lightningnetwork/lnd/lnwallet/signdescriptor.go:106.49,108.3 1 0
github.com/lightningnetwork/lnd/lnwallet/signdescriptor.go:112.47,114.3 1 0
github.com/lightningnetwork/lnd/lnwallet/signdescriptor.go:121.64,124.16 2 1
github.com/lightningnetwork/lnd/lnwallet/signdescriptor.go:127.2,128.16 2 1
github.com/lightningnetwork/lnd/lnwallet/signdescriptor.go:132.2,133.16 2 1
github.com/lightningnetwork/lnd/lnwallet/signdescriptor.go:142.2,142.27 1 1
github.com/lightningnetwork/lnd/lnwallet/signdescriptor.go:148.2,149.16 2 1
github.com/lightningnetwork/lnd/lnwallet/signdescriptor.go:158.2,158.32 1 1
github.com/lightningnetwork/lnd/lnwallet/signdescriptor.go:165.2,165.52 1 1
github.com/lightningnetwork/lnd/lnwallet/signdescriptor.go:169.2,170.16 2 1
github.com/lightningnetwork/lnd/lnwallet/signdescriptor.go:173.2,176.44 3 1
github.com/lightningnetwork/lnd/lnwallet/signdescriptor.go:179.2,182.55 3 1
github.com/lightningnetwork/lnd/lnwallet/signdescriptor.go:185.2,187.12 2 1
github.com/lightningnetwork/lnd/lnwallet/signdescriptor.go:124.16,126.3 1 0
github.com/lightningnetwork/lnd/lnwallet/signdescriptor.go:128.16,130.3 1 0
github.com/lightningnetwork/lnd/lnwallet/signdescriptor.go:133.16,135.3 1 0
github.com/lightningnetwork/lnd/lnwallet/signdescriptor.go:142.27,144.3 1 1
github.com/lightningnetwork/lnd/lnwallet/signdescriptor.go:144.3,146.3 1 1
github.com/lightningnetwork/lnd/lnwallet/signdescriptor.go:149.16,151.3 1 0
github.com/lightningnetwork/lnd/lnwallet/signdescriptor.go:158.32,160.3 1 1
github.com/lightningnetwork/lnd/lnwallet/signdescriptor.go:160.3,162.3 1 0
github.com/lightningnetwork/lnd/lnwallet/signdescriptor.go:165.52,167.3 1 0
github.com/lightningnetwork/lnd/lnwallet/signdescriptor.go:170.16,172.3 1 0
github.com/lightningnetwork/lnd/lnwallet/signdescriptor.go:176.44,178.3 1 0
github.com/lightningnetwork/lnd/lnwallet/signdescriptor.go:182.55,184.3 1 0
